running egg_info
writing ../build/self_driving_car_pkg/self_driving_car_pkg.egg-info/PKG-INFO
writing dependency_links to ../build/self_driving_car_pkg/self_driving_car_pkg.egg-info/dependency_links.txt
writing entry points to ../build/self_driving_car_pkg/self_driving_car_pkg.egg-info/entry_points.txt
writing requirements to ../build/self_driving_car_pkg/self_driving_car_pkg.egg-info/requires.txt
writing top-level names to ../build/self_driving_car_pkg/self_driving_car_pkg.egg-info/top_level.txt
reading manifest file '../build/self_driving_car_pkg/self_driving_car_pkg.egg-info/SOURCES.txt'
writing manifest file '../build/self_driving_car_pkg/self_driving_car_pkg.egg-info/SOURCES.txt'
running build
running build_py
running install
running install_lib
running install_data
running install_egg_info
removing '/home/suyog/Robo_lab_proj/install/self_driving_car_pkg/lib/python3.8/site-packages/self_driving_car_pkg-0.0.0-py3.8.egg-info' (and everything under it)
Copying ../build/self_driving_car_pkg/self_driving_car_pkg.egg-info to /home/suyog/Robo_lab_proj/install/self_driving_car_pkg/lib/python3.8/site-packages/self_driving_car_pkg-0.0.0-py3.8.egg-info
running install_scripts
Installing computer_vision_node script to /home/suyog/Robo_lab_proj/install/self_driving_car_pkg/lib/self_driving_car_pkg
Installing sdc_V2 script to /home/suyog/Robo_lab_proj/install/self_driving_car_pkg/lib/self_driving_car_pkg
Installing spawner_node script to /home/suyog/Robo_lab_proj/install/self_driving_car_pkg/lib/self_driving_car_pkg
Installing upper_camera_recording script to /home/suyog/Robo_lab_proj/install/self_driving_car_pkg/lib/self_driving_car_pkg
Installing video_recording_node script to /home/suyog/Robo_lab_proj/install/self_driving_car_pkg/lib/self_driving_car_pkg
writing list of installed files to '/home/suyog/Robo_lab_proj/build/self_driving_car_pkg/install.log'
