[0.777s] Invoking command in '/home/suyog/Robo_lab_proj/self_driving_car_pkg': PYTHONPATH=/home/suyog/Robo_lab_proj/install/self_driving_car_pkg/lib/python3.8/site-packages:${PYTHONPATH} /usr/bin/python3 setup.py egg_info --egg-base ../build/self_driving_car_pkg build --build-base /home/suyog/Robo_lab_proj/build/self_driving_car_pkg/build install --prefix /home/suyog/Robo_lab_proj/install/self_driving_car_pkg --record /home/suyog/Robo_lab_proj/build/self_driving_car_pkg/install.log --single-version-externally-managed
[0.996s] running egg_info
[0.997s] writing ../build/self_driving_car_pkg/self_driving_car_pkg.egg-info/PKG-INFO
[0.997s] writing dependency_links to ../build/self_driving_car_pkg/self_driving_car_pkg.egg-info/dependency_links.txt
[0.998s] writing entry points to ../build/self_driving_car_pkg/self_driving_car_pkg.egg-info/entry_points.txt
[0.998s] writing requirements to ../build/self_driving_car_pkg/self_driving_car_pkg.egg-info/requires.txt
[0.998s] writing top-level names to ../build/self_driving_car_pkg/self_driving_car_pkg.egg-info/top_level.txt
[1.035s] reading manifest file '../build/self_driving_car_pkg/self_driving_car_pkg.egg-info/SOURCES.txt'
[1.036s] writing manifest file '../build/self_driving_car_pkg/self_driving_car_pkg.egg-info/SOURCES.txt'
[1.036s] running build
[1.036s] running build_py
[1.038s] running install
[1.039s] running install_lib
[1.042s] running install_data
[1.043s] running install_egg_info
[1.045s] removing '/home/suyog/Robo_lab_proj/install/self_driving_car_pkg/lib/python3.8/site-packages/self_driving_car_pkg-0.0.0-py3.8.egg-info' (and everything under it)
[1.045s] Copying ../build/self_driving_car_pkg/self_driving_car_pkg.egg-info to /home/suyog/Robo_lab_proj/install/self_driving_car_pkg/lib/python3.8/site-packages/self_driving_car_pkg-0.0.0-py3.8.egg-info
[1.045s] running install_scripts
[1.063s] Installing computer_vision_node script to /home/suyog/Robo_lab_proj/install/self_driving_car_pkg/lib/self_driving_car_pkg
[1.063s] Installing sdc_V2 script to /home/suyog/Robo_lab_proj/install/self_driving_car_pkg/lib/self_driving_car_pkg
[1.063s] Installing spawner_node script to /home/suyog/Robo_lab_proj/install/self_driving_car_pkg/lib/self_driving_car_pkg
[1.064s] Installing upper_camera_recording script to /home/suyog/Robo_lab_proj/install/self_driving_car_pkg/lib/self_driving_car_pkg
[1.064s] Installing video_recording_node script to /home/suyog/Robo_lab_proj/install/self_driving_car_pkg/lib/self_driving_car_pkg
[1.065s] writing list of installed files to '/home/suyog/Robo_lab_proj/build/self_driving_car_pkg/install.log'
[1.127s] Invoked command in '/home/suyog/Robo_lab_proj/self_driving_car_pkg' returned '0': PYTHONPATH=/home/suyog/Robo_lab_proj/install/self_driving_car_pkg/lib/python3.8/site-packages:${PYTHONPATH} /usr/bin/python3 setup.py egg_info --egg-base ../build/self_driving_car_pkg build --build-base /home/suyog/Robo_lab_proj/build/self_driving_car_pkg/build install --prefix /home/suyog/Robo_lab_proj/install/self_driving_car_pkg --record /home/suyog/Robo_lab_proj/build/self_driving_car_pkg/install.log --single-version-externally-managed
