[0.119s] DEBUG:colcon:Command line arguments: ['/usr/bin/colcon', 'build']
[0.119s] DEBUG:colcon:Parsed command line arguments: Namespace(allow_overriding=[], ament_cmake_args=None, base_paths=['.'], build_base='build', catkin_cmake_args=None, catkin_skip_building_tests=False, cmake_args=None, cmake_clean_cache=False, cmake_clean_first=False, cmake_force_configure=False, cmake_target=None, cmake_target_skip_unavailable=False, continue_on_error=False, event_handlers=None, executor='parallel', ignore_user_meta=False, install_base='install', log_base=None, log_level=None, main=<bound method BuildVerb.main of <colcon_core.verb.build.BuildVerb object at 0x7f355ef40fd0>>, merge_install=False, metas=['./colcon.meta'], packages_above=None, packages_above_and_dependencies=None, packages_above_depth=None, packages_end=None, packages_ignore=None, packages_ignore_regex=None, packages_select=None, packages_select_build_failed=False, packages_select_by_dep=None, packages_select_regex=None, packages_select_test_failures=False, packages_skip=None, packages_skip_build_finished=False, packages_skip_by_dep=None, packages_skip_regex=None, packages_skip_test_passed=False, packages_skip_up_to=None, packages_start=None, packages_up_to=None, packages_up_to_regex=None, parallel_workers=8, paths=None, symlink_install=False, test_result_base=None, verb_extension=<colcon_core.verb.build.BuildVerb object at 0x7f355ef40fd0>, verb_name='build', verb_parser=<colcon_defaults.argument_parser.defaults.DefaultArgumentsDecorator object at 0x7f355ef48520>)
[0.139s] Level 1:colcon.colcon_core.package_discovery:discover_packages(colcon_meta) check parameters
[0.139s] Level 1:colcon.colcon_core.package_discovery:discover_packages(recursive) check parameters
[0.139s] Level 1:colcon.colcon_core.package_discovery:discover_packages(ignore) check parameters
[0.140s] Level 1:colcon.colcon_core.package_discovery:discover_packages(path) check parameters
[0.140s] Level 1:colcon.colcon_core.package_discovery:discover_packages(colcon_meta) discover
[0.140s] Level 1:colcon.colcon_core.package_discovery:discover_packages(recursive) discover
[0.140s] INFO:colcon.colcon_core.package_discovery:Crawling recursively for packages in '/home/suyog/Robo_lab_proj'
[0.140s] Level 1:colcon.colcon_core.package_identification:_identify(.) by extensions ['ignore', 'ignore_ament_install']
[0.140s] Level 1:colcon.colcon_core.package_identification:_identify(.) by extension 'ignore'
[0.140s] Level 1:colcon.colcon_core.package_identification:_identify(.) by extension 'ignore_ament_install'
[0.140s] Level 1:colcon.colcon_core.package_identification:_identify(.) by extensions ['colcon_pkg']
[0.140s] Level 1:colcon.colcon_core.package_identification:_identify(.) by extension 'colcon_pkg'
[0.140s] Level 1:colcon.colcon_core.package_identification:_identify(.) by extensions ['colcon_meta']
[0.140s] Level 1:colcon.colcon_core.package_identification:_identify(.) by extension 'colcon_meta'
[0.140s] Level 1:colcon.colcon_core.package_identification:_identify(.) by extensions ['ros']
[0.140s] Level 1:colcon.colcon_core.package_identification:_identify(.) by extension 'ros'
[0.148s] Level 1:colcon.colcon_core.package_identification:_identify(.) by extensions ['cmake', 'python']
[0.149s] Level 1:colcon.colcon_core.package_identification:_identify(.) by extension 'cmake'
[0.149s] Level 1:colcon.colcon_core.package_identification:_identify(.) by extension 'python'
[0.149s] Level 1:colcon.colcon_core.package_identification:_identify(.) by extensions ['python_setup_py']
[0.149s] Level 1:colcon.colcon_core.package_identification:_identify(.) by extension 'python_setup_py'
[0.149s] Level 1:colcon.colcon_core.package_identification:_identify(Images_videos) by extensions ['ignore', 'ignore_ament_install']
[0.149s] Level 1:colcon.colcon_core.package_identification:_identify(Images_videos) by extension 'ignore'
[0.149s] Level 1:colcon.colcon_core.package_identification:_identify(Images_videos) by extension 'ignore_ament_install'
[0.149s] Level 1:colcon.colcon_core.package_identification:_identify(Images_videos) by extensions ['colcon_pkg']
[0.149s] Level 1:colcon.colcon_core.package_identification:_identify(Images_videos) by extension 'colcon_pkg'
[0.149s] Level 1:colcon.colcon_core.package_identification:_identify(Images_videos) by extensions ['colcon_meta']
[0.149s] Level 1:colcon.colcon_core.package_identification:_identify(Images_videos) by extension 'colcon_meta'
[0.149s] Level 1:colcon.colcon_core.package_identification:_identify(Images_videos) by extensions ['ros']
[0.149s] Level 1:colcon.colcon_core.package_identification:_identify(Images_videos) by extension 'ros'
[0.149s] Level 1:colcon.colcon_core.package_identification:_identify(Images_videos) by extensions ['cmake', 'python']
[0.149s] Level 1:colcon.colcon_core.package_identification:_identify(Images_videos) by extension 'cmake'
[0.149s] Level 1:colcon.colcon_core.package_identification:_identify(Images_videos) by extension 'python'
[0.149s] Level 1:colcon.colcon_core.package_identification:_identify(Images_videos) by extensions ['python_setup_py']
[0.149s] Level 1:colcon.colcon_core.package_identification:_identify(Images_videos) by extension 'python_setup_py'
[0.149s] Level 1:colcon.colcon_core.package_identification:_identify(Images_videos/HaarCascade) by extensions ['ignore', 'ignore_ament_install']
[0.150s] Level 1:colcon.colcon_core.package_identification:_identify(Images_videos/HaarCascade) by extension 'ignore'
[0.150s] Level 1:colcon.colcon_core.package_identification:_identify(Images_videos/HaarCascade) by extension 'ignore_ament_install'
[0.150s] Level 1:colcon.colcon_core.package_identification:_identify(Images_videos/HaarCascade) by extensions ['colcon_pkg']
[0.150s] Level 1:colcon.colcon_core.package_identification:_identify(Images_videos/HaarCascade) by extension 'colcon_pkg'
[0.150s] Level 1:colcon.colcon_core.package_identification:_identify(Images_videos/HaarCascade) by extensions ['colcon_meta']
[0.150s] Level 1:colcon.colcon_core.package_identification:_identify(Images_videos/HaarCascade) by extension 'colcon_meta'
[0.150s] Level 1:colcon.colcon_core.package_identification:_identify(Images_videos/HaarCascade) by extensions ['ros']
[0.150s] Level 1:colcon.colcon_core.package_identification:_identify(Images_videos/HaarCascade) by extension 'ros'
[0.150s] Level 1:colcon.colcon_core.package_identification:_identify(Images_videos/HaarCascade) by extensions ['cmake', 'python']
[0.150s] Level 1:colcon.colcon_core.package_identification:_identify(Images_videos/HaarCascade) by extension 'cmake'
[0.150s] Level 1:colcon.colcon_core.package_identification:_identify(Images_videos/HaarCascade) by extension 'python'
[0.150s] Level 1:colcon.colcon_core.package_identification:_identify(Images_videos/HaarCascade) by extensions ['python_setup_py']
[0.150s] Level 1:colcon.colcon_core.package_identification:_identify(Images_videos/HaarCascade) by extension 'python_setup_py'
[0.150s] Level 1:colcon.colcon_core.package_identification:_identify(Images_videos/HaarCascade/Training_Steps) by extensions ['ignore', 'ignore_ament_install']
[0.150s] Level 1:colcon.colcon_core.package_identification:_identify(Images_videos/HaarCascade/Training_Steps) by extension 'ignore'
[0.150s] Level 1:colcon.colcon_core.package_identification:_identify(Images_videos/HaarCascade/Training_Steps) by extension 'ignore_ament_install'
[0.150s] Level 1:colcon.colcon_core.package_identification:_identify(Images_videos/HaarCascade/Training_Steps) by extensions ['colcon_pkg']
[0.150s] Level 1:colcon.colcon_core.package_identification:_identify(Images_videos/HaarCascade/Training_Steps) by extension 'colcon_pkg'
[0.150s] Level 1:colcon.colcon_core.package_identification:_identify(Images_videos/HaarCascade/Training_Steps) by extensions ['colcon_meta']
[0.150s] Level 1:colcon.colcon_core.package_identification:_identify(Images_videos/HaarCascade/Training_Steps) by extension 'colcon_meta'
[0.150s] Level 1:colcon.colcon_core.package_identification:_identify(Images_videos/HaarCascade/Training_Steps) by extensions ['ros']
[0.150s] Level 1:colcon.colcon_core.package_identification:_identify(Images_videos/HaarCascade/Training_Steps) by extension 'ros'
[0.150s] Level 1:colcon.colcon_core.package_identification:_identify(Images_videos/HaarCascade/Training_Steps) by extensions ['cmake', 'python']
[0.150s] Level 1:colcon.colcon_core.package_identification:_identify(Images_videos/HaarCascade/Training_Steps) by extension 'cmake'
[0.150s] Level 1:colcon.colcon_core.package_identification:_identify(Images_videos/HaarCascade/Training_Steps) by extension 'python'
[0.150s] Level 1:colcon.colcon_core.package_identification:_identify(Images_videos/HaarCascade/Training_Steps) by extensions ['python_setup_py']
[0.150s] Level 1:colcon.colcon_core.package_identification:_identify(Images_videos/HaarCascade/Training_Steps) by extension 'python_setup_py'
[0.150s] Level 1:colcon.colcon_core.package_identification:_identify(Images_videos/Sat_Nav) by extensions ['ignore', 'ignore_ament_install']
[0.151s] Level 1:colcon.colcon_core.package_identification:_identify(Images_videos/Sat_Nav) by extension 'ignore'
[0.151s] Level 1:colcon.colcon_core.package_identification:_identify(Images_videos/Sat_Nav) by extension 'ignore_ament_install'
[0.151s] Level 1:colcon.colcon_core.package_identification:_identify(Images_videos/Sat_Nav) by extensions ['colcon_pkg']
[0.151s] Level 1:colcon.colcon_core.package_identification:_identify(Images_videos/Sat_Nav) by extension 'colcon_pkg'
[0.151s] Level 1:colcon.colcon_core.package_identification:_identify(Images_videos/Sat_Nav) by extensions ['colcon_meta']
[0.151s] Level 1:colcon.colcon_core.package_identification:_identify(Images_videos/Sat_Nav) by extension 'colcon_meta'
[0.151s] Level 1:colcon.colcon_core.package_identification:_identify(Images_videos/Sat_Nav) by extensions ['ros']
[0.151s] Level 1:colcon.colcon_core.package_identification:_identify(Images_videos/Sat_Nav) by extension 'ros'
[0.151s] Level 1:colcon.colcon_core.package_identification:_identify(Images_videos/Sat_Nav) by extensions ['cmake', 'python']
[0.151s] Level 1:colcon.colcon_core.package_identification:_identify(Images_videos/Sat_Nav) by extension 'cmake'
[0.151s] Level 1:colcon.colcon_core.package_identification:_identify(Images_videos/Sat_Nav) by extension 'python'
[0.151s] Level 1:colcon.colcon_core.package_identification:_identify(Images_videos/Sat_Nav) by extensions ['python_setup_py']
[0.151s] Level 1:colcon.colcon_core.package_identification:_identify(Images_videos/Sat_Nav) by extension 'python_setup_py'
[0.151s] Level 1:colcon.colcon_core.package_identification:_identify(build) by extensions ['ignore', 'ignore_ament_install']
[0.151s] Level 1:colcon.colcon_core.package_identification:_identify(build) by extension 'ignore'
[0.151s] Level 1:colcon.colcon_core.package_identification:_identify(build) ignored
[0.151s] Level 1:colcon.colcon_core.package_identification:_identify(install) by extensions ['ignore', 'ignore_ament_install']
[0.151s] Level 1:colcon.colcon_core.package_identification:_identify(install) by extension 'ignore'
[0.151s] Level 1:colcon.colcon_core.package_identification:_identify(install) ignored
[0.151s] Level 1:colcon.colcon_core.package_identification:_identify(log) by extensions ['ignore', 'ignore_ament_install']
[0.151s] Level 1:colcon.colcon_core.package_identification:_identify(log) by extension 'ignore'
[0.152s] Level 1:colcon.colcon_core.package_identification:_identify(log) ignored
[0.152s] Level 1:colcon.colcon_core.package_identification:_identify(self_driving_car_pkg) by extensions ['ignore', 'ignore_ament_install']
[0.152s] Level 1:colcon.colcon_core.package_identification:_identify(self_driving_car_pkg) by extension 'ignore'
[0.152s] Level 1:colcon.colcon_core.package_identification:_identify(self_driving_car_pkg) by extension 'ignore_ament_install'
[0.152s] Level 1:colcon.colcon_core.package_identification:_identify(self_driving_car_pkg) by extensions ['colcon_pkg']
[0.152s] Level 1:colcon.colcon_core.package_identification:_identify(self_driving_car_pkg) by extension 'colcon_pkg'
[0.152s] Level 1:colcon.colcon_core.package_identification:_identify(self_driving_car_pkg) by extensions ['colcon_meta']
[0.152s] Level 1:colcon.colcon_core.package_identification:_identify(self_driving_car_pkg) by extension 'colcon_meta'
[0.152s] Level 1:colcon.colcon_core.package_identification:_identify(self_driving_car_pkg) by extensions ['ros']
[0.152s] Level 1:colcon.colcon_core.package_identification:_identify(self_driving_car_pkg) by extension 'ros'
[0.154s] DEBUG:colcon.colcon_core.package_identification:Package 'self_driving_car_pkg' with type 'ros.ament_python' and name 'self_driving_car_pkg'
[0.154s] Level 1:colcon.colcon_core.package_discovery:discover_packages(recursive) using defaults
[0.154s] Level 1:colcon.colcon_core.package_discovery:discover_packages(ignore) discover
[0.154s] Level 1:colcon.colcon_core.package_discovery:discover_packages(ignore) using defaults
[0.154s] Level 1:colcon.colcon_core.package_discovery:discover_packages(path) discover
[0.154s] Level 1:colcon.colcon_core.package_discovery:discover_packages(path) using defaults
[0.183s] Level 1:colcon.colcon_core.package_discovery:discover_packages(prefix_path) check parameters
[0.183s] Level 1:colcon.colcon_core.package_discovery:discover_packages(prefix_path) discover
[0.185s] DEBUG:colcon.colcon_installed_package_information.package_discovery:Found 1 installed packages in /home/suyog/Robo_lab_proj/install
[0.186s] DEBUG:colcon.colcon_installed_package_information.package_discovery:Found 4 installed packages in /home/suyog/ros2_ws/install
[0.188s] DEBUG:colcon.colcon_installed_package_information.package_discovery:Found 273 installed packages in /opt/ros/foxy
[0.189s] Level 1:colcon.colcon_core.package_discovery:discover_packages(prefix_path) using defaults
[0.241s] Level 5:colcon.colcon_core.verb:set package 'self_driving_car_pkg' build argument 'cmake_args' from command line to 'None'
[0.241s] Level 5:colcon.colcon_core.verb:set package 'self_driving_car_pkg' build argument 'cmake_target' from command line to 'None'
[0.241s] Level 5:colcon.colcon_core.verb:set package 'self_driving_car_pkg' build argument 'cmake_target_skip_unavailable' from command line to 'False'
[0.241s] Level 5:colcon.colcon_core.verb:set package 'self_driving_car_pkg' build argument 'cmake_clean_cache' from command line to 'False'
[0.241s] Level 5:colcon.colcon_core.verb:set package 'self_driving_car_pkg' build argument 'cmake_clean_first' from command line to 'False'
[0.241s] Level 5:colcon.colcon_core.verb:set package 'self_driving_car_pkg' build argument 'cmake_force_configure' from command line to 'False'
[0.241s] Level 5:colcon.colcon_core.verb:set package 'self_driving_car_pkg' build argument 'ament_cmake_args' from command line to 'None'
[0.241s] Level 5:colcon.colcon_core.verb:set package 'self_driving_car_pkg' build argument 'catkin_cmake_args' from command line to 'None'
[0.241s] Level 5:colcon.colcon_core.verb:set package 'self_driving_car_pkg' build argument 'catkin_skip_building_tests' from command line to 'False'
[0.241s] DEBUG:colcon.colcon_core.verb:Building package 'self_driving_car_pkg' with the following arguments: {'ament_cmake_args': None, 'build_base': '/home/suyog/Robo_lab_proj/build/self_driving_car_pkg', 'catkin_cmake_args': None, 'catkin_skip_building_tests': False, 'cmake_args': None, 'cmake_clean_cache': False, 'cmake_clean_first': False, 'cmake_force_configure': False, 'cmake_target': None, 'cmake_target_skip_unavailable': False, 'install_base': '/home/suyog/Robo_lab_proj/install/self_driving_car_pkg', 'merge_install': False, 'path': '/home/suyog/Robo_lab_proj/self_driving_car_pkg', 'symlink_install': False, 'test_result_base': None}
[0.241s] INFO:colcon.colcon_core.executor:Executing jobs using 'parallel' executor
[0.245s] DEBUG:colcon.colcon_parallel_executor.executor.parallel:run_until_complete
[0.245s] INFO:colcon.colcon_ros.task.ament_python.build:Building ROS package in '/home/suyog/Robo_lab_proj/self_driving_car_pkg' with build type 'ament_python'
[0.246s] Level 1:colcon.colcon_core.shell:create_environment_hook('self_driving_car_pkg', 'ament_prefix_path')
[0.250s] INFO:colcon.colcon_core.plugin_system:Skipping extension 'colcon_core.shell.bat': Not used on non-Windows systems
[0.250s] INFO:colcon.colcon_core.shell:Creating environment hook '/home/suyog/Robo_lab_proj/install/self_driving_car_pkg/share/self_driving_car_pkg/hook/ament_prefix_path.ps1'
[0.250s] INFO:colcon.colcon_core.shell:Creating environment descriptor '/home/suyog/Robo_lab_proj/install/self_driving_car_pkg/share/self_driving_car_pkg/hook/ament_prefix_path.dsv'
[0.251s] INFO:colcon.colcon_core.shell:Creating environment hook '/home/suyog/Robo_lab_proj/install/self_driving_car_pkg/share/self_driving_car_pkg/hook/ament_prefix_path.sh'
[0.252s] INFO:colcon.colcon_core.shell:Skip shell extension 'powershell' for command environment: Not usable outside of PowerShell
[0.252s] DEBUG:colcon.colcon_core.shell:Skip shell extension 'dsv' for command environment
[0.455s] INFO:colcon.colcon_core.task.python.build:Building Python package in '/home/suyog/Robo_lab_proj/self_driving_car_pkg'
[0.456s] INFO:colcon.colcon_core.shell:Skip shell extension 'powershell' for command environment: Not usable outside of PowerShell
[0.456s] DEBUG:colcon.colcon_core.shell:Skip shell extension 'dsv' for command environment
[0.835s] DEBUG:colcon.colcon_core.event_handler.log_command:Invoking command in '/home/suyog/Robo_lab_proj/self_driving_car_pkg': PYTHONPATH=/home/suyog/Robo_lab_proj/install/self_driving_car_pkg/lib/python3.8/site-packages:${PYTHONPATH} /usr/bin/python3 setup.py egg_info --egg-base ../build/self_driving_car_pkg build --build-base /home/suyog/Robo_lab_proj/build/self_driving_car_pkg/build install --prefix /home/suyog/Robo_lab_proj/install/self_driving_car_pkg --record /home/suyog/Robo_lab_proj/build/self_driving_car_pkg/install.log --single-version-externally-managed
[1.095s] DEBUG:colcon.colcon_core.event_handler.log_command:Invoked command in '/home/suyog/Robo_lab_proj/self_driving_car_pkg' returned '0': PYTHONPATH=/home/suyog/Robo_lab_proj/install/self_driving_car_pkg/lib/python3.8/site-packages:${PYTHONPATH} /usr/bin/python3 setup.py egg_info --egg-base ../build/self_driving_car_pkg build --build-base /home/suyog/Robo_lab_proj/build/self_driving_car_pkg/build install --prefix /home/suyog/Robo_lab_proj/install/self_driving_car_pkg --record /home/suyog/Robo_lab_proj/build/self_driving_car_pkg/install.log --single-version-externally-managed
[1.099s] Level 1:colcon.colcon_core.environment:checking '/home/suyog/Robo_lab_proj/install/self_driving_car_pkg' for CMake module files
[1.099s] Level 1:colcon.colcon_core.environment:checking '/home/suyog/Robo_lab_proj/install/self_driving_car_pkg' for CMake config files
[1.100s] Level 1:colcon.colcon_core.environment:checking '/home/suyog/Robo_lab_proj/install/self_driving_car_pkg/lib'
[1.100s] Level 1:colcon.colcon_core.environment:checking '/home/suyog/Robo_lab_proj/install/self_driving_car_pkg/bin'
[1.100s] Level 1:colcon.colcon_core.environment:checking '/home/suyog/Robo_lab_proj/install/self_driving_car_pkg/lib/pkgconfig/self_driving_car_pkg.pc'
[1.101s] Level 1:colcon.colcon_core.environment:checking '/home/suyog/Robo_lab_proj/install/self_driving_car_pkg/lib/python3.8/site-packages'
[1.101s] Level 1:colcon.colcon_core.shell:create_environment_hook('self_driving_car_pkg', 'pythonpath')
[1.102s] INFO:colcon.colcon_core.shell:Creating environment hook '/home/suyog/Robo_lab_proj/install/self_driving_car_pkg/share/self_driving_car_pkg/hook/pythonpath.ps1'
[1.102s] INFO:colcon.colcon_core.shell:Creating environment descriptor '/home/suyog/Robo_lab_proj/install/self_driving_car_pkg/share/self_driving_car_pkg/hook/pythonpath.dsv'
[1.103s] INFO:colcon.colcon_core.shell:Creating environment hook '/home/suyog/Robo_lab_proj/install/self_driving_car_pkg/share/self_driving_car_pkg/hook/pythonpath.sh'
[1.103s] Level 1:colcon.colcon_core.environment:checking '/home/suyog/Robo_lab_proj/install/self_driving_car_pkg/bin'
[1.103s] Level 1:colcon.colcon_core.environment:create_environment_scripts_only(self_driving_car_pkg)
[1.105s] INFO:colcon.colcon_core.shell:Creating package script '/home/suyog/Robo_lab_proj/install/self_driving_car_pkg/share/self_driving_car_pkg/package.ps1'
[1.106s] INFO:colcon.colcon_core.shell:Creating package descriptor '/home/suyog/Robo_lab_proj/install/self_driving_car_pkg/share/self_driving_car_pkg/package.dsv'
[1.106s] INFO:colcon.colcon_core.shell:Creating package script '/home/suyog/Robo_lab_proj/install/self_driving_car_pkg/share/self_driving_car_pkg/package.sh'
[1.107s] INFO:colcon.colcon_core.shell:Creating package script '/home/suyog/Robo_lab_proj/install/self_driving_car_pkg/share/self_driving_car_pkg/package.bash'
[1.108s] INFO:colcon.colcon_core.shell:Creating package script '/home/suyog/Robo_lab_proj/install/self_driving_car_pkg/share/self_driving_car_pkg/package.zsh'
[1.108s] Level 1:colcon.colcon_core.environment:create_file_with_runtime_dependencies(/home/suyog/Robo_lab_proj/install/self_driving_car_pkg/share/colcon-core/packages/self_driving_car_pkg)
[1.109s] DEBUG:colcon.colcon_parallel_executor.executor.parallel:closing loop
[1.109s] DEBUG:colcon.colcon_parallel_executor.executor.parallel:loop closed
[1.110s] DEBUG:colcon.colcon_parallel_executor.executor.parallel:run_until_complete finished with '0'
[1.110s] DEBUG:colcon.colcon_core.event_reactor:joining thread
[1.117s] INFO:colcon.colcon_core.plugin_system:Skipping extension 'colcon_notification.desktop_notification.terminal_notifier': Not used on non-Darwin systems
[1.117s] INFO:colcon.colcon_core.plugin_system:Skipping extension 'colcon_notification.desktop_notification.win32': Not used on non-Windows systems
[1.117s] INFO:colcon.colcon_notification.desktop_notification:Sending desktop notification using 'notify2'
[1.133s] DEBUG:colcon.colcon_core.event_reactor:joined thread
[1.135s] INFO:colcon.colcon_core.shell:Creating prefix script '/home/suyog/Robo_lab_proj/install/local_setup.ps1'
[1.136s] INFO:colcon.colcon_core.shell:Creating prefix util module '/home/suyog/Robo_lab_proj/install/_local_setup_util_ps1.py'
[1.137s] INFO:colcon.colcon_core.shell:Creating prefix chain script '/home/suyog/Robo_lab_proj/install/setup.ps1'
[1.139s] INFO:colcon.colcon_core.shell:Creating prefix script '/home/suyog/Robo_lab_proj/install/local_setup.sh'
[1.140s] INFO:colcon.colcon_core.shell:Creating prefix util module '/home/suyog/Robo_lab_proj/install/_local_setup_util_sh.py'
[1.140s] INFO:colcon.colcon_core.shell:Creating prefix chain script '/home/suyog/Robo_lab_proj/install/setup.sh'
[1.142s] INFO:colcon.colcon_core.shell:Creating prefix script '/home/suyog/Robo_lab_proj/install/local_setup.bash'
[1.143s] INFO:colcon.colcon_core.shell:Creating prefix chain script '/home/suyog/Robo_lab_proj/install/setup.bash'
[1.144s] INFO:colcon.colcon_core.shell:Creating prefix script '/home/suyog/Robo_lab_proj/install/local_setup.zsh'
[1.144s] INFO:colcon.colcon_core.shell:Creating prefix chain script '/home/suyog/Robo_lab_proj/install/setup.zsh'
