running egg_info
creating ../build/self_driving_car_pkg/self_driving_car_pkg.egg-info
writing ../build/self_driving_car_pkg/self_driving_car_pkg.egg-info/PKG-INFO
writing dependency_links to ../build/self_driving_car_pkg/self_driving_car_pkg.egg-info/dependency_links.txt
writing entry points to ../build/self_driving_car_pkg/self_driving_car_pkg.egg-info/entry_points.txt
writing requirements to ../build/self_driving_car_pkg/self_driving_car_pkg.egg-info/requires.txt
writing top-level names to ../build/self_driving_car_pkg/self_driving_car_pkg.egg-info/top_level.txt
writing manifest file '../build/self_driving_car_pkg/self_driving_car_pkg.egg-info/SOURCES.txt'
reading manifest file '../build/self_driving_car_pkg/self_driving_car_pkg.egg-info/SOURCES.txt'
writing manifest file '../build/self_driving_car_pkg/self_driving_car_pkg.egg-info/SOURCES.txt'
running build
running build_py
creating /home/suyog/ROS2-Self-Driving-Car-AI-using-OpenCV-main/build/self_driving_car_pkg/build
creating /home/suyog/ROS2-Self-Driving-Car-AI-using-OpenCV-main/build/self_driving_car_pkg/build/lib
creating /home/suyog/ROS2-Self-Driving-Car-AI-using-OpenCV-main/build/self_driving_car_pkg/build/lib/self_driving_car_pkg
copying self_driving_car_pkg/sdc_V2.py -> /home/suyog/ROS2-Self-Driving-Car-AI-using-OpenCV-main/build/self_driving_car_pkg/build/lib/self_driving_car_pkg
copying self_driving_car_pkg/sdf_spawner.py -> /home/suyog/ROS2-Self-Driving-Car-AI-using-OpenCV-main/build/self_driving_car_pkg/build/lib/self_driving_car_pkg
copying self_driving_car_pkg/upper_camera_video.py -> /home/suyog/ROS2-Self-Driving-Car-AI-using-OpenCV-main/build/self_driving_car_pkg/build/lib/self_driving_car_pkg
copying self_driving_car_pkg/video_save.py -> /home/suyog/ROS2-Self-Driving-Car-AI-using-OpenCV-main/build/self_driving_car_pkg/build/lib/self_driving_car_pkg
copying self_driving_car_pkg/computer_vision_node.py -> /home/suyog/ROS2-Self-Driving-Car-AI-using-OpenCV-main/build/self_driving_car_pkg/build/lib/self_driving_car_pkg
copying self_driving_car_pkg/__init__.py -> /home/suyog/ROS2-Self-Driving-Car-AI-using-OpenCV-main/build/self_driving_car_pkg/build/lib/self_driving_car_pkg
copying self_driving_car_pkg/Drive_Bot.py -> /home/suyog/ROS2-Self-Driving-Car-AI-using-OpenCV-main/build/self_driving_car_pkg/build/lib/self_driving_car_pkg
creating /home/suyog/ROS2-Self-Driving-Car-AI-using-OpenCV-main/build/self_driving_car_pkg/build/lib/self_driving_car_pkg/Detection
creating /home/suyog/ROS2-Self-Driving-Car-AI-using-OpenCV-main/build/self_driving_car_pkg/build/lib/self_driving_car_pkg/Detection/Lanes
creating /home/suyog/ROS2-Self-Driving-Car-AI-using-OpenCV-main/build/self_driving_car_pkg/build/lib/self_driving_car_pkg/Detection/Lanes/d_LaneInfo_Extraction
copying self_driving_car_pkg/Detection/Lanes/d_LaneInfo_Extraction/GetStateInfoandDisplayLane.py -> /home/suyog/ROS2-Self-Driving-Car-AI-using-OpenCV-main/build/self_driving_car_pkg/build/lib/self_driving_car_pkg/Detection/Lanes/d_LaneInfo_Extraction
copying self_driving_car_pkg/Detection/Lanes/d_LaneInfo_Extraction/__init__.py -> /home/suyog/ROS2-Self-Driving-Car-AI-using-OpenCV-main/build/self_driving_car_pkg/build/lib/self_driving_car_pkg/Detection/Lanes/d_LaneInfo_Extraction
creating /home/suyog/ROS2-Self-Driving-Car-AI-using-OpenCV-main/build/self_driving_car_pkg/build/lib/self_driving_car_pkg/Detection/Lanes/c_Cleaning
copying self_driving_car_pkg/Detection/Lanes/c_Cleaning/ExtendLanesAndRefineMidLaneEdge.py -> /home/suyog/ROS2-Self-Driving-Car-AI-using-OpenCV-main/build/self_driving_car_pkg/build/lib/self_driving_car_pkg/Detection/Lanes/c_Cleaning
copying self_driving_car_pkg/Detection/Lanes/c_Cleaning/__init__.py -> /home/suyog/ROS2-Self-Driving-Car-AI-using-OpenCV-main/build/self_driving_car_pkg/build/lib/self_driving_car_pkg/Detection/Lanes/c_Cleaning
copying self_driving_car_pkg/Detection/Lanes/c_Cleaning/CheckifYellowLaneCorrect_RetInnerBoundary.py -> /home/suyog/ROS2-Self-Driving-Car-AI-using-OpenCV-main/build/self_driving_car_pkg/build/lib/self_driving_car_pkg/Detection/Lanes/c_Cleaning
creating /home/suyog/ROS2-Self-Driving-Car-AI-using-OpenCV-main/build/self_driving_car_pkg/build/lib/self_driving_car_pkg/Detection/Lanes/b_Estimation
copying self_driving_car_pkg/Detection/Lanes/b_Estimation/__init__.py -> /home/suyog/ROS2-Self-Driving-Car-AI-using-OpenCV-main/build/self_driving_car_pkg/build/lib/self_driving_car_pkg/Detection/Lanes/b_Estimation
copying self_driving_car_pkg/Detection/Lanes/b_Estimation/Our_EstimationAlgo.py -> /home/suyog/ROS2-Self-Driving-Car-AI-using-OpenCV-main/build/self_driving_car_pkg/build/lib/self_driving_car_pkg/Detection/Lanes/b_Estimation
creating /home/suyog/ROS2-Self-Driving-Car-AI-using-OpenCV-main/build/self_driving_car_pkg/build/lib/self_driving_car_pkg/Detection/Lanes/a_Segmentation
copying self_driving_car_pkg/Detection/Lanes/a_Segmentation/colour_segmentation_final.py -> /home/suyog/ROS2-Self-Driving-Car-AI-using-OpenCV-main/build/self_driving_car_pkg/build/lib/self_driving_car_pkg/Detection/Lanes/a_Segmentation
copying self_driving_car_pkg/Detection/Lanes/a_Segmentation/__init__.py -> /home/suyog/ROS2-Self-Driving-Car-AI-using-OpenCV-main/build/self_driving_car_pkg/build/lib/self_driving_car_pkg/Detection/Lanes/a_Segmentation
copying self_driving_car_pkg/Detection/Lanes/utilities.py -> /home/suyog/ROS2-Self-Driving-Car-AI-using-OpenCV-main/build/self_driving_car_pkg/build/lib/self_driving_car_pkg/Detection/Lanes
copying self_driving_car_pkg/Detection/Lanes/__init__.py -> /home/suyog/ROS2-Self-Driving-Car-AI-using-OpenCV-main/build/self_driving_car_pkg/build/lib/self_driving_car_pkg/Detection/Lanes
copying self_driving_car_pkg/Detection/Lanes/Morph_op.py -> /home/suyog/ROS2-Self-Driving-Car-AI-using-OpenCV-main/build/self_driving_car_pkg/build/lib/self_driving_car_pkg/Detection/Lanes
copying self_driving_car_pkg/Detection/Lanes/Lane_Detection.py -> /home/suyog/ROS2-Self-Driving-Car-AI-using-OpenCV-main/build/self_driving_car_pkg/build/lib/self_driving_car_pkg/Detection/Lanes
creating /home/suyog/ROS2-Self-Driving-Car-AI-using-OpenCV-main/build/self_driving_car_pkg/build/lib/self_driving_car_pkg/Detection/Signs
creating /home/suyog/ROS2-Self-Driving-Car-AI-using-OpenCV-main/build/self_driving_car_pkg/build/lib/self_driving_car_pkg/Detection/Signs/Classification
copying self_driving_car_pkg/Detection/Signs/Classification/Classification_CNN.py -> /home/suyog/ROS2-Self-Driving-Car-AI-using-OpenCV-main/build/self_driving_car_pkg/build/lib/self_driving_car_pkg/Detection/Signs/Classification
copying self_driving_car_pkg/Detection/Signs/Classification/Visualize_CNN.py -> /home/suyog/ROS2-Self-Driving-Car-AI-using-OpenCV-main/build/self_driving_car_pkg/build/lib/self_driving_car_pkg/Detection/Signs/Classification
copying self_driving_car_pkg/Detection/Signs/Classification/__init__.py -> /home/suyog/ROS2-Self-Driving-Car-AI-using-OpenCV-main/build/self_driving_car_pkg/build/lib/self_driving_car_pkg/Detection/Signs/Classification
copying self_driving_car_pkg/Detection/Signs/Classification/CNN.py -> /home/suyog/ROS2-Self-Driving-Car-AI-using-OpenCV-main/build/self_driving_car_pkg/build/lib/self_driving_car_pkg/Detection/Signs/Classification
copying self_driving_car_pkg/Detection/Signs/SignDetectionApi.py -> /home/suyog/ROS2-Self-Driving-Car-AI-using-OpenCV-main/build/self_driving_car_pkg/build/lib/self_driving_car_pkg/Detection/Signs
copying self_driving_car_pkg/Detection/Signs/__init__.py -> /home/suyog/ROS2-Self-Driving-Car-AI-using-OpenCV-main/build/self_driving_car_pkg/build/lib/self_driving_car_pkg/Detection/Signs
creating /home/suyog/ROS2-Self-Driving-Car-AI-using-OpenCV-main/build/self_driving_car_pkg/build/lib/self_driving_car_pkg/Detection/TrafficLights
copying self_driving_car_pkg/Detection/TrafficLights/TrafficLights_Detection.py -> /home/suyog/ROS2-Self-Driving-Car-AI-using-OpenCV-main/build/self_driving_car_pkg/build/lib/self_driving_car_pkg/Detection/TrafficLights
copying self_driving_car_pkg/Detection/TrafficLights/__init__.py -> /home/suyog/ROS2-Self-Driving-Car-AI-using-OpenCV-main/build/self_driving_car_pkg/build/lib/self_driving_car_pkg/Detection/TrafficLights
copying self_driving_car_pkg/Detection/__init__.py -> /home/suyog/ROS2-Self-Driving-Car-AI-using-OpenCV-main/build/self_driving_car_pkg/build/lib/self_driving_car_pkg/Detection
creating /home/suyog/ROS2-Self-Driving-Car-AI-using-OpenCV-main/build/self_driving_car_pkg/build/lib/self_driving_car_pkg/GPS_Navigation
copying self_driving_car_pkg/GPS_Navigation/config.py -> /home/suyog/ROS2-Self-Driving-Car-AI-using-OpenCV-main/build/self_driving_car_pkg/build/lib/self_driving_car_pkg/GPS_Navigation
copying self_driving_car_pkg/GPS_Navigation/bot_motionplanning.py -> /home/suyog/ROS2-Self-Driving-Car-AI-using-OpenCV-main/build/self_driving_car_pkg/build/lib/self_driving_car_pkg/GPS_Navigation
copying self_driving_car_pkg/GPS_Navigation/bot_mapping.py -> /home/suyog/ROS2-Self-Driving-Car-AI-using-OpenCV-main/build/self_driving_car_pkg/build/lib/self_driving_car_pkg/GPS_Navigation
copying self_driving_car_pkg/GPS_Navigation/utilities.py -> /home/suyog/ROS2-Self-Driving-Car-AI-using-OpenCV-main/build/self_driving_car_pkg/build/lib/self_driving_car_pkg/GPS_Navigation
copying self_driving_car_pkg/GPS_Navigation/bot_pathplanning.py -> /home/suyog/ROS2-Self-Driving-Car-AI-using-OpenCV-main/build/self_driving_car_pkg/build/lib/self_driving_car_pkg/GPS_Navigation
copying self_driving_car_pkg/GPS_Navigation/bot_localization.py -> /home/suyog/ROS2-Self-Driving-Car-AI-using-OpenCV-main/build/self_driving_car_pkg/build/lib/self_driving_car_pkg/GPS_Navigation
copying self_driving_car_pkg/GPS_Navigation/__init__.py -> /home/suyog/ROS2-Self-Driving-Car-AI-using-OpenCV-main/build/self_driving_car_pkg/build/lib/self_driving_car_pkg/GPS_Navigation
copying self_driving_car_pkg/GPS_Navigation/Navigation.py -> /home/suyog/ROS2-Self-Driving-Car-AI-using-OpenCV-main/build/self_driving_car_pkg/build/lib/self_driving_car_pkg/GPS_Navigation
copying self_driving_car_pkg/GPS_Navigation/utilities_disp.py -> /home/suyog/ROS2-Self-Driving-Car-AI-using-OpenCV-main/build/self_driving_car_pkg/build/lib/self_driving_car_pkg/GPS_Navigation
creating /home/suyog/ROS2-Self-Driving-Car-AI-using-OpenCV-main/build/self_driving_car_pkg/build/lib/self_driving_car_pkg/config
copying self_driving_car_pkg/config/config.py -> /home/suyog/ROS2-Self-Driving-Car-AI-using-OpenCV-main/build/self_driving_car_pkg/build/lib/self_driving_car_pkg/config
copying self_driving_car_pkg/config/__init__.py -> /home/suyog/ROS2-Self-Driving-Car-AI-using-OpenCV-main/build/self_driving_car_pkg/build/lib/self_driving_car_pkg/config
creating /home/suyog/ROS2-Self-Driving-Car-AI-using-OpenCV-main/build/self_driving_car_pkg/build/lib/self_driving_car_pkg/data
copying self_driving_car_pkg/data/__init__.py -> /home/suyog/ROS2-Self-Driving-Car-AI-using-OpenCV-main/build/self_driving_car_pkg/build/lib/self_driving_car_pkg/data
running install
running install_lib
creating /home/suyog/ROS2-Self-Driving-Car-AI-using-OpenCV-main/install/self_driving_car_pkg/lib/python3.8/site-packages/self_driving_car_pkg
creating /home/suyog/ROS2-Self-Driving-Car-AI-using-OpenCV-main/install/self_driving_car_pkg/lib/python3.8/site-packages/self_driving_car_pkg/config
copying /home/suyog/ROS2-Self-Driving-Car-AI-using-OpenCV-main/build/self_driving_car_pkg/build/lib/self_driving_car_pkg/config/config.py -> /home/suyog/ROS2-Self-Driving-Car-AI-using-OpenCV-main/install/self_driving_car_pkg/lib/python3.8/site-packages/self_driving_car_pkg/config
copying /home/suyog/ROS2-Self-Driving-Car-AI-using-OpenCV-main/build/self_driving_car_pkg/build/lib/self_driving_car_pkg/config/__init__.py -> /home/suyog/ROS2-Self-Driving-Car-AI-using-OpenCV-main/install/self_driving_car_pkg/lib/python3.8/site-packages/self_driving_car_pkg/config
creating /home/suyog/ROS2-Self-Driving-Car-AI-using-OpenCV-main/install/self_driving_car_pkg/lib/python3.8/site-packages/self_driving_car_pkg/Detection
copying /home/suyog/ROS2-Self-Driving-Car-AI-using-OpenCV-main/build/self_driving_car_pkg/build/lib/self_driving_car_pkg/Detection/__init__.py -> /home/suyog/ROS2-Self-Driving-Car-AI-using-OpenCV-main/install/self_driving_car_pkg/lib/python3.8/site-packages/self_driving_car_pkg/Detection
creating /home/suyog/ROS2-Self-Driving-Car-AI-using-OpenCV-main/install/self_driving_car_pkg/lib/python3.8/site-packages/self_driving_car_pkg/Detection/Lanes
creating /home/suyog/ROS2-Self-Driving-Car-AI-using-OpenCV-main/install/self_driving_car_pkg/lib/python3.8/site-packages/self_driving_car_pkg/Detection/Lanes/a_Segmentation
copying /home/suyog/ROS2-Self-Driving-Car-AI-using-OpenCV-main/build/self_driving_car_pkg/build/lib/self_driving_car_pkg/Detection/Lanes/a_Segmentation/colour_segmentation_final.py -> /home/suyog/ROS2-Self-Driving-Car-AI-using-OpenCV-main/install/self_driving_car_pkg/lib/python3.8/site-packages/self_driving_car_pkg/Detection/Lanes/a_Segmentation
copying /home/suyog/ROS2-Self-Driving-Car-AI-using-OpenCV-main/build/self_driving_car_pkg/build/lib/self_driving_car_pkg/Detection/Lanes/a_Segmentation/__init__.py -> /home/suyog/ROS2-Self-Driving-Car-AI-using-OpenCV-main/install/self_driving_car_pkg/lib/python3.8/site-packages/self_driving_car_pkg/Detection/Lanes/a_Segmentation
copying /home/suyog/ROS2-Self-Driving-Car-AI-using-OpenCV-main/build/self_driving_car_pkg/build/lib/self_driving_car_pkg/Detection/Lanes/utilities.py -> /home/suyog/ROS2-Self-Driving-Car-AI-using-OpenCV-main/install/self_driving_car_pkg/lib/python3.8/site-packages/self_driving_car_pkg/Detection/Lanes
creating /home/suyog/ROS2-Self-Driving-Car-AI-using-OpenCV-main/install/self_driving_car_pkg/lib/python3.8/site-packages/self_driving_car_pkg/Detection/Lanes/b_Estimation
copying /home/suyog/ROS2-Self-Driving-Car-AI-using-OpenCV-main/build/self_driving_car_pkg/build/lib/self_driving_car_pkg/Detection/Lanes/b_Estimation/__init__.py -> /home/suyog/ROS2-Self-Driving-Car-AI-using-OpenCV-main/install/self_driving_car_pkg/lib/python3.8/site-packages/self_driving_car_pkg/Detection/Lanes/b_Estimation
copying /home/suyog/ROS2-Self-Driving-Car-AI-using-OpenCV-main/build/self_driving_car_pkg/build/lib/self_driving_car_pkg/Detection/Lanes/b_Estimation/Our_EstimationAlgo.py -> /home/suyog/ROS2-Self-Driving-Car-AI-using-OpenCV-main/install/self_driving_car_pkg/lib/python3.8/site-packages/self_driving_car_pkg/Detection/Lanes/b_Estimation
creating /home/suyog/ROS2-Self-Driving-Car-AI-using-OpenCV-main/install/self_driving_car_pkg/lib/python3.8/site-packages/self_driving_car_pkg/Detection/Lanes/d_LaneInfo_Extraction
copying /home/suyog/ROS2-Self-Driving-Car-AI-using-OpenCV-main/build/self_driving_car_pkg/build/lib/self_driving_car_pkg/Detection/Lanes/d_LaneInfo_Extraction/GetStateInfoandDisplayLane.py -> /home/suyog/ROS2-Self-Driving-Car-AI-using-OpenCV-main/install/self_driving_car_pkg/lib/python3.8/site-packages/self_driving_car_pkg/Detection/Lanes/d_LaneInfo_Extraction
copying /home/suyog/ROS2-Self-Driving-Car-AI-using-OpenCV-main/build/self_driving_car_pkg/build/lib/self_driving_car_pkg/Detection/Lanes/d_LaneInfo_Extraction/__init__.py -> /home/suyog/ROS2-Self-Driving-Car-AI-using-OpenCV-main/install/self_driving_car_pkg/lib/python3.8/site-packages/self_driving_car_pkg/Detection/Lanes/d_LaneInfo_Extraction
copying /home/suyog/ROS2-Self-Driving-Car-AI-using-OpenCV-main/build/self_driving_car_pkg/build/lib/self_driving_car_pkg/Detection/Lanes/__init__.py -> /home/suyog/ROS2-Self-Driving-Car-AI-using-OpenCV-main/install/self_driving_car_pkg/lib/python3.8/site-packages/self_driving_car_pkg/Detection/Lanes
copying /home/suyog/ROS2-Self-Driving-Car-AI-using-OpenCV-main/build/self_driving_car_pkg/build/lib/self_driving_car_pkg/Detection/Lanes/Morph_op.py -> /home/suyog/ROS2-Self-Driving-Car-AI-using-OpenCV-main/install/self_driving_car_pkg/lib/python3.8/site-packages/self_driving_car_pkg/Detection/Lanes
copying /home/suyog/ROS2-Self-Driving-Car-AI-using-OpenCV-main/build/self_driving_car_pkg/build/lib/self_driving_car_pkg/Detection/Lanes/Lane_Detection.py -> /home/suyog/ROS2-Self-Driving-Car-AI-using-OpenCV-main/install/self_driving_car_pkg/lib/python3.8/site-packages/self_driving_car_pkg/Detection/Lanes
creating /home/suyog/ROS2-Self-Driving-Car-AI-using-OpenCV-main/install/self_driving_car_pkg/lib/python3.8/site-packages/self_driving_car_pkg/Detection/Lanes/c_Cleaning
copying /home/suyog/ROS2-Self-Driving-Car-AI-using-OpenCV-main/build/self_driving_car_pkg/build/lib/self_driving_car_pkg/Detection/Lanes/c_Cleaning/ExtendLanesAndRefineMidLaneEdge.py -> /home/suyog/ROS2-Self-Driving-Car-AI-using-OpenCV-main/install/self_driving_car_pkg/lib/python3.8/site-packages/self_driving_car_pkg/Detection/Lanes/c_Cleaning
copying /home/suyog/ROS2-Self-Driving-Car-AI-using-OpenCV-main/build/self_driving_car_pkg/build/lib/self_driving_car_pkg/Detection/Lanes/c_Cleaning/__init__.py -> /home/suyog/ROS2-Self-Driving-Car-AI-using-OpenCV-main/install/self_driving_car_pkg/lib/python3.8/site-packages/self_driving_car_pkg/Detection/Lanes/c_Cleaning
copying /home/suyog/ROS2-Self-Driving-Car-AI-using-OpenCV-main/build/self_driving_car_pkg/build/lib/self_driving_car_pkg/Detection/Lanes/c_Cleaning/CheckifYellowLaneCorrect_RetInnerBoundary.py -> /home/suyog/ROS2-Self-Driving-Car-AI-using-OpenCV-main/install/self_driving_car_pkg/lib/python3.8/site-packages/self_driving_car_pkg/Detection/Lanes/c_Cleaning
creating /home/suyog/ROS2-Self-Driving-Car-AI-using-OpenCV-main/install/self_driving_car_pkg/lib/python3.8/site-packages/self_driving_car_pkg/Detection/TrafficLights
copying /home/suyog/ROS2-Self-Driving-Car-AI-using-OpenCV-main/build/self_driving_car_pkg/build/lib/self_driving_car_pkg/Detection/TrafficLights/TrafficLights_Detection.py -> /home/suyog/ROS2-Self-Driving-Car-AI-using-OpenCV-main/install/self_driving_car_pkg/lib/python3.8/site-packages/self_driving_car_pkg/Detection/TrafficLights
copying /home/suyog/ROS2-Self-Driving-Car-AI-using-OpenCV-main/build/self_driving_car_pkg/build/lib/self_driving_car_pkg/Detection/TrafficLights/__init__.py -> /home/suyog/ROS2-Self-Driving-Car-AI-using-OpenCV-main/install/self_driving_car_pkg/lib/python3.8/site-packages/self_driving_car_pkg/Detection/TrafficLights
creating /home/suyog/ROS2-Self-Driving-Car-AI-using-OpenCV-main/install/self_driving_car_pkg/lib/python3.8/site-packages/self_driving_car_pkg/Detection/Signs
copying /home/suyog/ROS2-Self-Driving-Car-AI-using-OpenCV-main/build/self_driving_car_pkg/build/lib/self_driving_car_pkg/Detection/Signs/SignDetectionApi.py -> /home/suyog/ROS2-Self-Driving-Car-AI-using-OpenCV-main/install/self_driving_car_pkg/lib/python3.8/site-packages/self_driving_car_pkg/Detection/Signs
copying /home/suyog/ROS2-Self-Driving-Car-AI-using-OpenCV-main/build/self_driving_car_pkg/build/lib/self_driving_car_pkg/Detection/Signs/__init__.py -> /home/suyog/ROS2-Self-Driving-Car-AI-using-OpenCV-main/install/self_driving_car_pkg/lib/python3.8/site-packages/self_driving_car_pkg/Detection/Signs
creating /home/suyog/ROS2-Self-Driving-Car-AI-using-OpenCV-main/install/self_driving_car_pkg/lib/python3.8/site-packages/self_driving_car_pkg/Detection/Signs/Classification
copying /home/suyog/ROS2-Self-Driving-Car-AI-using-OpenCV-main/build/self_driving_car_pkg/build/lib/self_driving_car_pkg/Detection/Signs/Classification/Classification_CNN.py -> /home/suyog/ROS2-Self-Driving-Car-AI-using-OpenCV-main/install/self_driving_car_pkg/lib/python3.8/site-packages/self_driving_car_pkg/Detection/Signs/Classification
copying /home/suyog/ROS2-Self-Driving-Car-AI-using-OpenCV-main/build/self_driving_car_pkg/build/lib/self_driving_car_pkg/Detection/Signs/Classification/Visualize_CNN.py -> /home/suyog/ROS2-Self-Driving-Car-AI-using-OpenCV-main/install/self_driving_car_pkg/lib/python3.8/site-packages/self_driving_car_pkg/Detection/Signs/Classification
copying /home/suyog/ROS2-Self-Driving-Car-AI-using-OpenCV-main/build/self_driving_car_pkg/build/lib/self_driving_car_pkg/Detection/Signs/Classification/__init__.py -> /home/suyog/ROS2-Self-Driving-Car-AI-using-OpenCV-main/install/self_driving_car_pkg/lib/python3.8/site-packages/self_driving_car_pkg/Detection/Signs/Classification
copying /home/suyog/ROS2-Self-Driving-Car-AI-using-OpenCV-main/build/self_driving_car_pkg/build/lib/self_driving_car_pkg/Detection/Signs/Classification/CNN.py -> /home/suyog/ROS2-Self-Driving-Car-AI-using-OpenCV-main/install/self_driving_car_pkg/lib/python3.8/site-packages/self_driving_car_pkg/Detection/Signs/Classification
copying /home/suyog/ROS2-Self-Driving-Car-AI-using-OpenCV-main/build/self_driving_car_pkg/build/lib/self_driving_car_pkg/sdc_V2.py -> /home/suyog/ROS2-Self-Driving-Car-AI-using-OpenCV-main/install/self_driving_car_pkg/lib/python3.8/site-packages/self_driving_car_pkg
copying /home/suyog/ROS2-Self-Driving-Car-AI-using-OpenCV-main/build/self_driving_car_pkg/build/lib/self_driving_car_pkg/sdf_spawner.py -> /home/suyog/ROS2-Self-Driving-Car-AI-using-OpenCV-main/install/self_driving_car_pkg/lib/python3.8/site-packages/self_driving_car_pkg
copying /home/suyog/ROS2-Self-Driving-Car-AI-using-OpenCV-main/build/self_driving_car_pkg/build/lib/self_driving_car_pkg/upper_camera_video.py -> /home/suyog/ROS2-Self-Driving-Car-AI-using-OpenCV-main/install/self_driving_car_pkg/lib/python3.8/site-packages/self_driving_car_pkg
copying /home/suyog/ROS2-Self-Driving-Car-AI-using-OpenCV-main/build/self_driving_car_pkg/build/lib/self_driving_car_pkg/video_save.py -> /home/suyog/ROS2-Self-Driving-Car-AI-using-OpenCV-main/install/self_driving_car_pkg/lib/python3.8/site-packages/self_driving_car_pkg
creating /home/suyog/ROS2-Self-Driving-Car-AI-using-OpenCV-main/install/self_driving_car_pkg/lib/python3.8/site-packages/self_driving_car_pkg/data
copying /home/suyog/ROS2-Self-Driving-Car-AI-using-OpenCV-main/build/self_driving_car_pkg/build/lib/self_driving_car_pkg/data/__init__.py -> /home/suyog/ROS2-Self-Driving-Car-AI-using-OpenCV-main/install/self_driving_car_pkg/lib/python3.8/site-packages/self_driving_car_pkg/data
creating /home/suyog/ROS2-Self-Driving-Car-AI-using-OpenCV-main/install/self_driving_car_pkg/lib/python3.8/site-packages/self_driving_car_pkg/GPS_Navigation
copying /home/suyog/ROS2-Self-Driving-Car-AI-using-OpenCV-main/build/self_driving_car_pkg/build/lib/self_driving_car_pkg/GPS_Navigation/config.py -> /home/suyog/ROS2-Self-Driving-Car-AI-using-OpenCV-main/install/self_driving_car_pkg/lib/python3.8/site-packages/self_driving_car_pkg/GPS_Navigation
copying /home/suyog/ROS2-Self-Driving-Car-AI-using-OpenCV-main/build/self_driving_car_pkg/build/lib/self_driving_car_pkg/GPS_Navigation/bot_motionplanning.py -> /home/suyog/ROS2-Self-Driving-Car-AI-using-OpenCV-main/install/self_driving_car_pkg/lib/python3.8/site-packages/self_driving_car_pkg/GPS_Navigation
copying /home/suyog/ROS2-Self-Driving-Car-AI-using-OpenCV-main/build/self_driving_car_pkg/build/lib/self_driving_car_pkg/GPS_Navigation/bot_mapping.py -> /home/suyog/ROS2-Self-Driving-Car-AI-using-OpenCV-main/install/self_driving_car_pkg/lib/python3.8/site-packages/self_driving_car_pkg/GPS_Navigation
copying /home/suyog/ROS2-Self-Driving-Car-AI-using-OpenCV-main/build/self_driving_car_pkg/build/lib/self_driving_car_pkg/GPS_Navigation/utilities.py -> /home/suyog/ROS2-Self-Driving-Car-AI-using-OpenCV-main/install/self_driving_car_pkg/lib/python3.8/site-packages/self_driving_car_pkg/GPS_Navigation
copying /home/suyog/ROS2-Self-Driving-Car-AI-using-OpenCV-main/build/self_driving_car_pkg/build/lib/self_driving_car_pkg/GPS_Navigation/bot_pathplanning.py -> /home/suyog/ROS2-Self-Driving-Car-AI-using-OpenCV-main/install/self_driving_car_pkg/lib/python3.8/site-packages/self_driving_car_pkg/GPS_Navigation
copying /home/suyog/ROS2-Self-Driving-Car-AI-using-OpenCV-main/build/self_driving_car_pkg/build/lib/self_driving_car_pkg/GPS_Navigation/bot_localization.py -> /home/suyog/ROS2-Self-Driving-Car-AI-using-OpenCV-main/install/self_driving_car_pkg/lib/python3.8/site-packages/self_driving_car_pkg/GPS_Navigation
copying /home/suyog/ROS2-Self-Driving-Car-AI-using-OpenCV-main/build/self_driving_car_pkg/build/lib/self_driving_car_pkg/GPS_Navigation/__init__.py -> /home/suyog/ROS2-Self-Driving-Car-AI-using-OpenCV-main/install/self_driving_car_pkg/lib/python3.8/site-packages/self_driving_car_pkg/GPS_Navigation
copying /home/suyog/ROS2-Self-Driving-Car-AI-using-OpenCV-main/build/self_driving_car_pkg/build/lib/self_driving_car_pkg/GPS_Navigation/Navigation.py -> /home/suyog/ROS2-Self-Driving-Car-AI-using-OpenCV-main/install/self_driving_car_pkg/lib/python3.8/site-packages/self_driving_car_pkg/GPS_Navigation
copying /home/suyog/ROS2-Self-Driving-Car-AI-using-OpenCV-main/build/self_driving_car_pkg/build/lib/self_driving_car_pkg/GPS_Navigation/utilities_disp.py -> /home/suyog/ROS2-Self-Driving-Car-AI-using-OpenCV-main/install/self_driving_car_pkg/lib/python3.8/site-packages/self_driving_car_pkg/GPS_Navigation
copying /home/suyog/ROS2-Self-Driving-Car-AI-using-OpenCV-main/build/self_driving_car_pkg/build/lib/self_driving_car_pkg/computer_vision_node.py -> /home/suyog/ROS2-Self-Driving-Car-AI-using-OpenCV-main/install/self_driving_car_pkg/lib/python3.8/site-packages/self_driving_car_pkg
copying /home/suyog/ROS2-Self-Driving-Car-AI-using-OpenCV-main/build/self_driving_car_pkg/build/lib/self_driving_car_pkg/__init__.py -> /home/suyog/ROS2-Self-Driving-Car-AI-using-OpenCV-main/install/self_driving_car_pkg/lib/python3.8/site-packages/self_driving_car_pkg
copying /home/suyog/ROS2-Self-Driving-Car-AI-using-OpenCV-main/build/self_driving_car_pkg/build/lib/self_driving_car_pkg/Drive_Bot.py -> /home/suyog/ROS2-Self-Driving-Car-AI-using-OpenCV-main/install/self_driving_car_pkg/lib/python3.8/site-packages/self_driving_car_pkg
byte-compiling /home/suyog/ROS2-Self-Driving-Car-AI-using-OpenCV-main/install/self_driving_car_pkg/lib/python3.8/site-packages/self_driving_car_pkg/config/config.py to config.cpython-38.pyc
byte-compiling /home/suyog/ROS2-Self-Driving-Car-AI-using-OpenCV-main/install/self_driving_car_pkg/lib/python3.8/site-packages/self_driving_car_pkg/config/__init__.py to __init__.cpython-38.pyc
byte-compiling /home/suyog/ROS2-Self-Driving-Car-AI-using-OpenCV-main/install/self_driving_car_pkg/lib/python3.8/site-packages/self_driving_car_pkg/Detection/__init__.py to __init__.cpython-38.pyc
byte-compiling /home/suyog/ROS2-Self-Driving-Car-AI-using-OpenCV-main/install/self_driving_car_pkg/lib/python3.8/site-packages/self_driving_car_pkg/Detection/Lanes/a_Segmentation/colour_segmentation_final.py to colour_segmentation_final.cpython-38.pyc
byte-compiling /home/suyog/ROS2-Self-Driving-Car-AI-using-OpenCV-main/install/self_driving_car_pkg/lib/python3.8/site-packages/self_driving_car_pkg/Detection/Lanes/a_Segmentation/__init__.py to __init__.cpython-38.pyc
byte-compiling /home/suyog/ROS2-Self-Driving-Car-AI-using-OpenCV-main/install/self_driving_car_pkg/lib/python3.8/site-packages/self_driving_car_pkg/Detection/Lanes/utilities.py to utilities.cpython-38.pyc
byte-compiling /home/suyog/ROS2-Self-Driving-Car-AI-using-OpenCV-main/install/self_driving_car_pkg/lib/python3.8/site-packages/self_driving_car_pkg/Detection/Lanes/b_Estimation/__init__.py to __init__.cpython-38.pyc
byte-compiling /home/suyog/ROS2-Self-Driving-Car-AI-using-OpenCV-main/install/self_driving_car_pkg/lib/python3.8/site-packages/self_driving_car_pkg/Detection/Lanes/b_Estimation/Our_EstimationAlgo.py to Our_EstimationAlgo.cpython-38.pyc
byte-compiling /home/suyog/ROS2-Self-Driving-Car-AI-using-OpenCV-main/install/self_driving_car_pkg/lib/python3.8/site-packages/self_driving_car_pkg/Detection/Lanes/d_LaneInfo_Extraction/GetStateInfoandDisplayLane.py to GetStateInfoandDisplayLane.cpython-38.pyc
byte-compiling /home/suyog/ROS2-Self-Driving-Car-AI-using-OpenCV-main/install/self_driving_car_pkg/lib/python3.8/site-packages/self_driving_car_pkg/Detection/Lanes/d_LaneInfo_Extraction/__init__.py to __init__.cpython-38.pyc
byte-compiling /home/suyog/ROS2-Self-Driving-Car-AI-using-OpenCV-main/install/self_driving_car_pkg/lib/python3.8/site-packages/self_driving_car_pkg/Detection/Lanes/__init__.py to __init__.cpython-38.pyc
byte-compiling /home/suyog/ROS2-Self-Driving-Car-AI-using-OpenCV-main/install/self_driving_car_pkg/lib/python3.8/site-packages/self_driving_car_pkg/Detection/Lanes/Morph_op.py to Morph_op.cpython-38.pyc
byte-compiling /home/suyog/ROS2-Self-Driving-Car-AI-using-OpenCV-main/install/self_driving_car_pkg/lib/python3.8/site-packages/self_driving_car_pkg/Detection/Lanes/Lane_Detection.py to Lane_Detection.cpython-38.pyc
byte-compiling /home/suyog/ROS2-Self-Driving-Car-AI-using-OpenCV-main/install/self_driving_car_pkg/lib/python3.8/site-packages/self_driving_car_pkg/Detection/Lanes/c_Cleaning/ExtendLanesAndRefineMidLaneEdge.py to ExtendLanesAndRefineMidLaneEdge.cpython-38.pyc
byte-compiling /home/suyog/ROS2-Self-Driving-Car-AI-using-OpenCV-main/install/self_driving_car_pkg/lib/python3.8/site-packages/self_driving_car_pkg/Detection/Lanes/c_Cleaning/__init__.py to __init__.cpython-38.pyc
byte-compiling /home/suyog/ROS2-Self-Driving-Car-AI-using-OpenCV-main/install/self_driving_car_pkg/lib/python3.8/site-packages/self_driving_car_pkg/Detection/Lanes/c_Cleaning/CheckifYellowLaneCorrect_RetInnerBoundary.py to CheckifYellowLaneCorrect_RetInnerBoundary.cpython-38.pyc
byte-compiling /home/suyog/ROS2-Self-Driving-Car-AI-using-OpenCV-main/install/self_driving_car_pkg/lib/python3.8/site-packages/self_driving_car_pkg/Detection/TrafficLights/TrafficLights_Detection.py to TrafficLights_Detection.cpython-38.pyc
byte-compiling /home/suyog/ROS2-Self-Driving-Car-AI-using-OpenCV-main/install/self_driving_car_pkg/lib/python3.8/site-packages/self_driving_car_pkg/Detection/TrafficLights/__init__.py to __init__.cpython-38.pyc
byte-compiling /home/suyog/ROS2-Self-Driving-Car-AI-using-OpenCV-main/install/self_driving_car_pkg/lib/python3.8/site-packages/self_driving_car_pkg/Detection/Signs/SignDetectionApi.py to SignDetectionApi.cpython-38.pyc
byte-compiling /home/suyog/ROS2-Self-Driving-Car-AI-using-OpenCV-main/install/self_driving_car_pkg/lib/python3.8/site-packages/self_driving_car_pkg/Detection/Signs/__init__.py to __init__.cpython-38.pyc
byte-compiling /home/suyog/ROS2-Self-Driving-Car-AI-using-OpenCV-main/install/self_driving_car_pkg/lib/python3.8/site-packages/self_driving_car_pkg/Detection/Signs/Classification/Classification_CNN.py to Classification_CNN.cpython-38.pyc
byte-compiling /home/suyog/ROS2-Self-Driving-Car-AI-using-OpenCV-main/install/self_driving_car_pkg/lib/python3.8/site-packages/self_driving_car_pkg/Detection/Signs/Classification/Visualize_CNN.py to Visualize_CNN.cpython-38.pyc
byte-compiling /home/suyog/ROS2-Self-Driving-Car-AI-using-OpenCV-main/install/self_driving_car_pkg/lib/python3.8/site-packages/self_driving_car_pkg/Detection/Signs/Classification/__init__.py to __init__.cpython-38.pyc
byte-compiling /home/suyog/ROS2-Self-Driving-Car-AI-using-OpenCV-main/install/self_driving_car_pkg/lib/python3.8/site-packages/self_driving_car_pkg/Detection/Signs/Classification/CNN.py to CNN.cpython-38.pyc
byte-compiling /home/suyog/ROS2-Self-Driving-Car-AI-using-OpenCV-main/install/self_driving_car_pkg/lib/python3.8/site-packages/self_driving_car_pkg/sdc_V2.py to sdc_V2.cpython-38.pyc
byte-compiling /home/suyog/ROS2-Self-Driving-Car-AI-using-OpenCV-main/install/self_driving_car_pkg/lib/python3.8/site-packages/self_driving_car_pkg/sdf_spawner.py to sdf_spawner.cpython-38.pyc
byte-compiling /home/suyog/ROS2-Self-Driving-Car-AI-using-OpenCV-main/install/self_driving_car_pkg/lib/python3.8/site-packages/self_driving_car_pkg/upper_camera_video.py to upper_camera_video.cpython-38.pyc
byte-compiling /home/suyog/ROS2-Self-Driving-Car-AI-using-OpenCV-main/install/self_driving_car_pkg/lib/python3.8/site-packages/self_driving_car_pkg/video_save.py to video_save.cpython-38.pyc
byte-compiling /home/suyog/ROS2-Self-Driving-Car-AI-using-OpenCV-main/install/self_driving_car_pkg/lib/python3.8/site-packages/self_driving_car_pkg/data/__init__.py to __init__.cpython-38.pyc
byte-compiling /home/suyog/ROS2-Self-Driving-Car-AI-using-OpenCV-main/install/self_driving_car_pkg/lib/python3.8/site-packages/self_driving_car_pkg/GPS_Navigation/config.py to config.cpython-38.pyc
byte-compiling /home/suyog/ROS2-Self-Driving-Car-AI-using-OpenCV-main/install/self_driving_car_pkg/lib/python3.8/site-packages/self_driving_car_pkg/GPS_Navigation/bot_motionplanning.py to bot_motionplanning.cpython-38.pyc
byte-compiling /home/suyog/ROS2-Self-Driving-Car-AI-using-OpenCV-main/install/self_driving_car_pkg/lib/python3.8/site-packages/self_driving_car_pkg/GPS_Navigation/bot_mapping.py to bot_mapping.cpython-38.pyc
byte-compiling /home/suyog/ROS2-Self-Driving-Car-AI-using-OpenCV-main/install/self_driving_car_pkg/lib/python3.8/site-packages/self_driving_car_pkg/GPS_Navigation/utilities.py to utilities.cpython-38.pyc
byte-compiling /home/suyog/ROS2-Self-Driving-Car-AI-using-OpenCV-main/install/self_driving_car_pkg/lib/python3.8/site-packages/self_driving_car_pkg/GPS_Navigation/bot_pathplanning.py to bot_pathplanning.cpython-38.pyc
byte-compiling /home/suyog/ROS2-Self-Driving-Car-AI-using-OpenCV-main/install/self_driving_car_pkg/lib/python3.8/site-packages/self_driving_car_pkg/GPS_Navigation/bot_localization.py to bot_localization.cpython-38.pyc
byte-compiling /home/suyog/ROS2-Self-Driving-Car-AI-using-OpenCV-main/install/self_driving_car_pkg/lib/python3.8/site-packages/self_driving_car_pkg/GPS_Navigation/__init__.py to __init__.cpython-38.pyc
byte-compiling /home/suyog/ROS2-Self-Driving-Car-AI-using-OpenCV-main/install/self_driving_car_pkg/lib/python3.8/site-packages/self_driving_car_pkg/GPS_Navigation/Navigation.py to Navigation.cpython-38.pyc
byte-compiling /home/suyog/ROS2-Self-Driving-Car-AI-using-OpenCV-main/install/self_driving_car_pkg/lib/python3.8/site-packages/self_driving_car_pkg/GPS_Navigation/utilities_disp.py to utilities_disp.cpython-38.pyc
byte-compiling /home/suyog/ROS2-Self-Driving-Car-AI-using-OpenCV-main/install/self_driving_car_pkg/lib/python3.8/site-packages/self_driving_car_pkg/computer_vision_node.py to computer_vision_node.cpython-38.pyc
byte-compiling /home/suyog/ROS2-Self-Driving-Car-AI-using-OpenCV-main/install/self_driving_car_pkg/lib/python3.8/site-packages/self_driving_car_pkg/__init__.py to __init__.cpython-38.pyc
byte-compiling /home/suyog/ROS2-Self-Driving-Car-AI-using-OpenCV-main/install/self_driving_car_pkg/lib/python3.8/site-packages/self_driving_car_pkg/Drive_Bot.py to Drive_Bot.cpython-38.pyc
running install_data
creating /home/suyog/ROS2-Self-Driving-Car-AI-using-OpenCV-main/install/self_driving_car_pkg/share/ament_index
creating /home/suyog/ROS2-Self-Driving-Car-AI-using-OpenCV-main/install/self_driving_car_pkg/share/ament_index/resource_index
creating /home/suyog/ROS2-Self-Driving-Car-AI-using-OpenCV-main/install/self_driving_car_pkg/share/ament_index/resource_index/packages
copying resource/self_driving_car_pkg -> /home/suyog/ROS2-Self-Driving-Car-AI-using-OpenCV-main/install/self_driving_car_pkg/share/ament_index/resource_index/packages
copying package.xml -> /home/suyog/ROS2-Self-Driving-Car-AI-using-OpenCV-main/install/self_driving_car_pkg/share/self_driving_car_pkg
creating /home/suyog/ROS2-Self-Driving-Car-AI-using-OpenCV-main/install/self_driving_car_pkg/share/self_driving_car_pkg/launch
copying launch/world_gazebo.launch.py -> /home/suyog/ROS2-Self-Driving-Car-AI-using-OpenCV-main/install/self_driving_car_pkg/share/self_driving_car_pkg/launch
copying launch/record_and_drive.launch.py -> /home/suyog/ROS2-Self-Driving-Car-AI-using-OpenCV-main/install/self_driving_car_pkg/share/self_driving_car_pkg/launch
copying launch/maze_solving_world.launch.py -> /home/suyog/ROS2-Self-Driving-Car-AI-using-OpenCV-main/install/self_driving_car_pkg/share/self_driving_car_pkg/launch
copying launch/test_laneFollow.launch.py -> /home/suyog/ROS2-Self-Driving-Car-AI-using-OpenCV-main/install/self_driving_car_pkg/share/self_driving_car_pkg/launch
creating /home/suyog/ROS2-Self-Driving-Car-AI-using-OpenCV-main/install/self_driving_car_pkg/lib/self_driving_car_pkg
copying scripts/lights_spawner_maze.bash -> /home/suyog/ROS2-Self-Driving-Car-AI-using-OpenCV-main/install/self_driving_car_pkg/lib/self_driving_car_pkg
copying scripts/lights_spawner.bash -> /home/suyog/ROS2-Self-Driving-Car-AI-using-OpenCV-main/install/self_driving_car_pkg/lib/self_driving_car_pkg
creating /home/suyog/ROS2-Self-Driving-Car-AI-using-OpenCV-main/install/self_driving_car_pkg/share/self_driving_car_pkg/worlds
copying worlds/self_driving_car.world -> /home/suyog/ROS2-Self-Driving-Car-AI-using-OpenCV-main/install/self_driving_car_pkg/share/self_driving_car_pkg/worlds
copying worlds/maze_solving.world -> /home/suyog/ROS2-Self-Driving-Car-AI-using-OpenCV-main/install/self_driving_car_pkg/share/self_driving_car_pkg/worlds
copying worlds/Lane_follow_test.world -> /home/suyog/ROS2-Self-Driving-Car-AI-using-OpenCV-main/install/self_driving_car_pkg/share/self_driving_car_pkg/worlds
running install_egg_info
Copying ../build/self_driving_car_pkg/self_driving_car_pkg.egg-info to /home/suyog/ROS2-Self-Driving-Car-AI-using-OpenCV-main/install/self_driving_car_pkg/lib/python3.8/site-packages/self_driving_car_pkg-0.0.0-py3.8.egg-info
running install_scripts
Installing computer_vision_node script to /home/suyog/ROS2-Self-Driving-Car-AI-using-OpenCV-main/install/self_driving_car_pkg/lib/self_driving_car_pkg
Installing sdc_V2 script to /home/suyog/ROS2-Self-Driving-Car-AI-using-OpenCV-main/install/self_driving_car_pkg/lib/self_driving_car_pkg
Installing spawner_node script to /home/suyog/ROS2-Self-Driving-Car-AI-using-OpenCV-main/install/self_driving_car_pkg/lib/self_driving_car_pkg
Installing upper_camera_recording script to /home/suyog/ROS2-Self-Driving-Car-AI-using-OpenCV-main/install/self_driving_car_pkg/lib/self_driving_car_pkg
Installing video_recording_node script to /home/suyog/ROS2-Self-Driving-Car-AI-using-OpenCV-main/install/self_driving_car_pkg/lib/self_driving_car_pkg
writing list of installed files to '/home/suyog/ROS2-Self-Driving-Car-AI-using-OpenCV-main/build/self_driving_car_pkg/install.log'
