[0.581s] Invoking command in '/home/suyog/ROS2-Self-Driving-Car-AI-using-OpenCV-main/self_driving_car_pkg': PS1=(ROS2SDC_VENV) \[\e]0;\u@\h: \w\a\]${debian_chroot:+($debian_chroot)}\[\033[01;32m\]\u@\h\[\033[00m\]:\[\033[01;34m\]\w\[\033[00m\]\$ PYTHONPATH=/home/suyog/ROS2-Self-Driving-Car-AI-using-OpenCV-main/install/self_driving_car_pkg/lib/python3.8/site-packages:${PYTHONPATH} /usr/bin/python3 setup.py egg_info --egg-base ../build/self_driving_car_pkg build --build-base /home/suyog/ROS2-Self-Driving-Car-AI-using-OpenCV-main/build/self_driving_car_pkg/build install --prefix /home/suyog/ROS2-Self-Driving-Car-AI-using-OpenCV-main/install/self_driving_car_pkg --record /home/suyog/ROS2-Self-Driving-Car-AI-using-OpenCV-main/build/self_driving_car_pkg/install.log --single-version-externally-managed
[0.759s] running egg_info
[0.760s] creating ../build/self_driving_car_pkg/self_driving_car_pkg.egg-info
[0.760s] writing ../build/self_driving_car_pkg/self_driving_car_pkg.egg-info/PKG-INFO
[0.760s] writing dependency_links to ../build/self_driving_car_pkg/self_driving_car_pkg.egg-info/dependency_links.txt
[0.760s] writing entry points to ../build/self_driving_car_pkg/self_driving_car_pkg.egg-info/entry_points.txt
[0.760s] writing requirements to ../build/self_driving_car_pkg/self_driving_car_pkg.egg-info/requires.txt
[0.760s] writing top-level names to ../build/self_driving_car_pkg/self_driving_car_pkg.egg-info/top_level.txt
[0.761s] writing manifest file '../build/self_driving_car_pkg/self_driving_car_pkg.egg-info/SOURCES.txt'
[0.789s] reading manifest file '../build/self_driving_car_pkg/self_driving_car_pkg.egg-info/SOURCES.txt'
[0.790s] writing manifest file '../build/self_driving_car_pkg/self_driving_car_pkg.egg-info/SOURCES.txt'
[0.791s] running build
[0.791s] running build_py
[0.791s] creating /home/suyog/ROS2-Self-Driving-Car-AI-using-OpenCV-main/build/self_driving_car_pkg/build
[0.791s] creating /home/suyog/ROS2-Self-Driving-Car-AI-using-OpenCV-main/build/self_driving_car_pkg/build/lib
[0.792s] creating /home/suyog/ROS2-Self-Driving-Car-AI-using-OpenCV-main/build/self_driving_car_pkg/build/lib/self_driving_car_pkg
[0.792s] copying self_driving_car_pkg/sdc_V2.py -> /home/suyog/ROS2-Self-Driving-Car-AI-using-OpenCV-main/build/self_driving_car_pkg/build/lib/self_driving_car_pkg
[0.792s] copying self_driving_car_pkg/sdf_spawner.py -> /home/suyog/ROS2-Self-Driving-Car-AI-using-OpenCV-main/build/self_driving_car_pkg/build/lib/self_driving_car_pkg
[0.792s] copying self_driving_car_pkg/upper_camera_video.py -> /home/suyog/ROS2-Self-Driving-Car-AI-using-OpenCV-main/build/self_driving_car_pkg/build/lib/self_driving_car_pkg
[0.792s] copying self_driving_car_pkg/video_save.py -> /home/suyog/ROS2-Self-Driving-Car-AI-using-OpenCV-main/build/self_driving_car_pkg/build/lib/self_driving_car_pkg
[0.793s] copying self_driving_car_pkg/computer_vision_node.py -> /home/suyog/ROS2-Self-Driving-Car-AI-using-OpenCV-main/build/self_driving_car_pkg/build/lib/self_driving_car_pkg
[0.793s] copying self_driving_car_pkg/__init__.py -> /home/suyog/ROS2-Self-Driving-Car-AI-using-OpenCV-main/build/self_driving_car_pkg/build/lib/self_driving_car_pkg
[0.793s] copying self_driving_car_pkg/Drive_Bot.py -> /home/suyog/ROS2-Self-Driving-Car-AI-using-OpenCV-main/build/self_driving_car_pkg/build/lib/self_driving_car_pkg
[0.793s] creating /home/suyog/ROS2-Self-Driving-Car-AI-using-OpenCV-main/build/self_driving_car_pkg/build/lib/self_driving_car_pkg/Detection
[0.793s] creating /home/suyog/ROS2-Self-Driving-Car-AI-using-OpenCV-main/build/self_driving_car_pkg/build/lib/self_driving_car_pkg/Detection/Lanes
[0.793s] creating /home/suyog/ROS2-Self-Driving-Car-AI-using-OpenCV-main/build/self_driving_car_pkg/build/lib/self_driving_car_pkg/Detection/Lanes/d_LaneInfo_Extraction
[0.793s] copying self_driving_car_pkg/Detection/Lanes/d_LaneInfo_Extraction/GetStateInfoandDisplayLane.py -> /home/suyog/ROS2-Self-Driving-Car-AI-using-OpenCV-main/build/self_driving_car_pkg/build/lib/self_driving_car_pkg/Detection/Lanes/d_LaneInfo_Extraction
[0.793s] copying self_driving_car_pkg/Detection/Lanes/d_LaneInfo_Extraction/__init__.py -> /home/suyog/ROS2-Self-Driving-Car-AI-using-OpenCV-main/build/self_driving_car_pkg/build/lib/self_driving_car_pkg/Detection/Lanes/d_LaneInfo_Extraction
[0.793s] creating /home/suyog/ROS2-Self-Driving-Car-AI-using-OpenCV-main/build/self_driving_car_pkg/build/lib/self_driving_car_pkg/Detection/Lanes/c_Cleaning
[0.793s] copying self_driving_car_pkg/Detection/Lanes/c_Cleaning/ExtendLanesAndRefineMidLaneEdge.py -> /home/suyog/ROS2-Self-Driving-Car-AI-using-OpenCV-main/build/self_driving_car_pkg/build/lib/self_driving_car_pkg/Detection/Lanes/c_Cleaning
[0.793s] copying self_driving_car_pkg/Detection/Lanes/c_Cleaning/__init__.py -> /home/suyog/ROS2-Self-Driving-Car-AI-using-OpenCV-main/build/self_driving_car_pkg/build/lib/self_driving_car_pkg/Detection/Lanes/c_Cleaning
[0.793s] copying self_driving_car_pkg/Detection/Lanes/c_Cleaning/CheckifYellowLaneCorrect_RetInnerBoundary.py -> /home/suyog/ROS2-Self-Driving-Car-AI-using-OpenCV-main/build/self_driving_car_pkg/build/lib/self_driving_car_pkg/Detection/Lanes/c_Cleaning
[0.794s] creating /home/suyog/ROS2-Self-Driving-Car-AI-using-OpenCV-main/build/self_driving_car_pkg/build/lib/self_driving_car_pkg/Detection/Lanes/b_Estimation
[0.794s] copying self_driving_car_pkg/Detection/Lanes/b_Estimation/__init__.py -> /home/suyog/ROS2-Self-Driving-Car-AI-using-OpenCV-main/build/self_driving_car_pkg/build/lib/self_driving_car_pkg/Detection/Lanes/b_Estimation
[0.794s] copying self_driving_car_pkg/Detection/Lanes/b_Estimation/Our_EstimationAlgo.py -> /home/suyog/ROS2-Self-Driving-Car-AI-using-OpenCV-main/build/self_driving_car_pkg/build/lib/self_driving_car_pkg/Detection/Lanes/b_Estimation
[0.794s] creating /home/suyog/ROS2-Self-Driving-Car-AI-using-OpenCV-main/build/self_driving_car_pkg/build/lib/self_driving_car_pkg/Detection/Lanes/a_Segmentation
[0.794s] copying self_driving_car_pkg/Detection/Lanes/a_Segmentation/colour_segmentation_final.py -> /home/suyog/ROS2-Self-Driving-Car-AI-using-OpenCV-main/build/self_driving_car_pkg/build/lib/self_driving_car_pkg/Detection/Lanes/a_Segmentation
[0.794s] copying self_driving_car_pkg/Detection/Lanes/a_Segmentation/__init__.py -> /home/suyog/ROS2-Self-Driving-Car-AI-using-OpenCV-main/build/self_driving_car_pkg/build/lib/self_driving_car_pkg/Detection/Lanes/a_Segmentation
[0.794s] copying self_driving_car_pkg/Detection/Lanes/utilities.py -> /home/suyog/ROS2-Self-Driving-Car-AI-using-OpenCV-main/build/self_driving_car_pkg/build/lib/self_driving_car_pkg/Detection/Lanes
[0.794s] copying self_driving_car_pkg/Detection/Lanes/__init__.py -> /home/suyog/ROS2-Self-Driving-Car-AI-using-OpenCV-main/build/self_driving_car_pkg/build/lib/self_driving_car_pkg/Detection/Lanes
[0.794s] copying self_driving_car_pkg/Detection/Lanes/Morph_op.py -> /home/suyog/ROS2-Self-Driving-Car-AI-using-OpenCV-main/build/self_driving_car_pkg/build/lib/self_driving_car_pkg/Detection/Lanes
[0.794s] copying self_driving_car_pkg/Detection/Lanes/Lane_Detection.py -> /home/suyog/ROS2-Self-Driving-Car-AI-using-OpenCV-main/build/self_driving_car_pkg/build/lib/self_driving_car_pkg/Detection/Lanes
[0.794s] creating /home/suyog/ROS2-Self-Driving-Car-AI-using-OpenCV-main/build/self_driving_car_pkg/build/lib/self_driving_car_pkg/Detection/Signs
[0.794s] creating /home/suyog/ROS2-Self-Driving-Car-AI-using-OpenCV-main/build/self_driving_car_pkg/build/lib/self_driving_car_pkg/Detection/Signs/Classification
[0.794s] copying self_driving_car_pkg/Detection/Signs/Classification/Classification_CNN.py -> /home/suyog/ROS2-Self-Driving-Car-AI-using-OpenCV-main/build/self_driving_car_pkg/build/lib/self_driving_car_pkg/Detection/Signs/Classification
[0.795s] copying self_driving_car_pkg/Detection/Signs/Classification/Visualize_CNN.py -> /home/suyog/ROS2-Self-Driving-Car-AI-using-OpenCV-main/build/self_driving_car_pkg/build/lib/self_driving_car_pkg/Detection/Signs/Classification
[0.795s] copying self_driving_car_pkg/Detection/Signs/Classification/__init__.py -> /home/suyog/ROS2-Self-Driving-Car-AI-using-OpenCV-main/build/self_driving_car_pkg/build/lib/self_driving_car_pkg/Detection/Signs/Classification
[0.795s] copying self_driving_car_pkg/Detection/Signs/Classification/CNN.py -> /home/suyog/ROS2-Self-Driving-Car-AI-using-OpenCV-main/build/self_driving_car_pkg/build/lib/self_driving_car_pkg/Detection/Signs/Classification
[0.795s] copying self_driving_car_pkg/Detection/Signs/SignDetectionApi.py -> /home/suyog/ROS2-Self-Driving-Car-AI-using-OpenCV-main/build/self_driving_car_pkg/build/lib/self_driving_car_pkg/Detection/Signs
[0.795s] copying self_driving_car_pkg/Detection/Signs/__init__.py -> /home/suyog/ROS2-Self-Driving-Car-AI-using-OpenCV-main/build/self_driving_car_pkg/build/lib/self_driving_car_pkg/Detection/Signs
[0.795s] creating /home/suyog/ROS2-Self-Driving-Car-AI-using-OpenCV-main/build/self_driving_car_pkg/build/lib/self_driving_car_pkg/Detection/TrafficLights
[0.795s] copying self_driving_car_pkg/Detection/TrafficLights/TrafficLights_Detection.py -> /home/suyog/ROS2-Self-Driving-Car-AI-using-OpenCV-main/build/self_driving_car_pkg/build/lib/self_driving_car_pkg/Detection/TrafficLights
[0.795s] copying self_driving_car_pkg/Detection/TrafficLights/__init__.py -> /home/suyog/ROS2-Self-Driving-Car-AI-using-OpenCV-main/build/self_driving_car_pkg/build/lib/self_driving_car_pkg/Detection/TrafficLights
[0.795s] copying self_driving_car_pkg/Detection/__init__.py -> /home/suyog/ROS2-Self-Driving-Car-AI-using-OpenCV-main/build/self_driving_car_pkg/build/lib/self_driving_car_pkg/Detection
[0.795s] creating /home/suyog/ROS2-Self-Driving-Car-AI-using-OpenCV-main/build/self_driving_car_pkg/build/lib/self_driving_car_pkg/GPS_Navigation
[0.795s] copying self_driving_car_pkg/GPS_Navigation/config.py -> /home/suyog/ROS2-Self-Driving-Car-AI-using-OpenCV-main/build/self_driving_car_pkg/build/lib/self_driving_car_pkg/GPS_Navigation
[0.795s] copying self_driving_car_pkg/GPS_Navigation/bot_motionplanning.py -> /home/suyog/ROS2-Self-Driving-Car-AI-using-OpenCV-main/build/self_driving_car_pkg/build/lib/self_driving_car_pkg/GPS_Navigation
[0.795s] copying self_driving_car_pkg/GPS_Navigation/bot_mapping.py -> /home/suyog/ROS2-Self-Driving-Car-AI-using-OpenCV-main/build/self_driving_car_pkg/build/lib/self_driving_car_pkg/GPS_Navigation
[0.795s] copying self_driving_car_pkg/GPS_Navigation/utilities.py -> /home/suyog/ROS2-Self-Driving-Car-AI-using-OpenCV-main/build/self_driving_car_pkg/build/lib/self_driving_car_pkg/GPS_Navigation
[0.796s] copying self_driving_car_pkg/GPS_Navigation/bot_pathplanning.py -> /home/suyog/ROS2-Self-Driving-Car-AI-using-OpenCV-main/build/self_driving_car_pkg/build/lib/self_driving_car_pkg/GPS_Navigation
[0.796s] copying self_driving_car_pkg/GPS_Navigation/bot_localization.py -> /home/suyog/ROS2-Self-Driving-Car-AI-using-OpenCV-main/build/self_driving_car_pkg/build/lib/self_driving_car_pkg/GPS_Navigation
[0.796s] copying self_driving_car_pkg/GPS_Navigation/__init__.py -> /home/suyog/ROS2-Self-Driving-Car-AI-using-OpenCV-main/build/self_driving_car_pkg/build/lib/self_driving_car_pkg/GPS_Navigation
[0.796s] copying self_driving_car_pkg/GPS_Navigation/Navigation.py -> /home/suyog/ROS2-Self-Driving-Car-AI-using-OpenCV-main/build/self_driving_car_pkg/build/lib/self_driving_car_pkg/GPS_Navigation
[0.796s] copying self_driving_car_pkg/GPS_Navigation/utilities_disp.py -> /home/suyog/ROS2-Self-Driving-Car-AI-using-OpenCV-main/build/self_driving_car_pkg/build/lib/self_driving_car_pkg/GPS_Navigation
[0.796s] creating /home/suyog/ROS2-Self-Driving-Car-AI-using-OpenCV-main/build/self_driving_car_pkg/build/lib/self_driving_car_pkg/config
[0.796s] copying self_driving_car_pkg/config/config.py -> /home/suyog/ROS2-Self-Driving-Car-AI-using-OpenCV-main/build/self_driving_car_pkg/build/lib/self_driving_car_pkg/config
[0.796s] copying self_driving_car_pkg/config/__init__.py -> /home/suyog/ROS2-Self-Driving-Car-AI-using-OpenCV-main/build/self_driving_car_pkg/build/lib/self_driving_car_pkg/config
[0.796s] creating /home/suyog/ROS2-Self-Driving-Car-AI-using-OpenCV-main/build/self_driving_car_pkg/build/lib/self_driving_car_pkg/data
[0.796s] copying self_driving_car_pkg/data/__init__.py -> /home/suyog/ROS2-Self-Driving-Car-AI-using-OpenCV-main/build/self_driving_car_pkg/build/lib/self_driving_car_pkg/data
[0.796s] running install
[0.797s] running install_lib
[0.799s] creating /home/suyog/ROS2-Self-Driving-Car-AI-using-OpenCV-main/install/self_driving_car_pkg/lib/python3.8/site-packages/self_driving_car_pkg
[0.799s] creating /home/suyog/ROS2-Self-Driving-Car-AI-using-OpenCV-main/install/self_driving_car_pkg/lib/python3.8/site-packages/self_driving_car_pkg/config
[0.799s] copying /home/suyog/ROS2-Self-Driving-Car-AI-using-OpenCV-main/build/self_driving_car_pkg/build/lib/self_driving_car_pkg/config/config.py -> /home/suyog/ROS2-Self-Driving-Car-AI-using-OpenCV-main/install/self_driving_car_pkg/lib/python3.8/site-packages/self_driving_car_pkg/config
[0.799s] copying /home/suyog/ROS2-Self-Driving-Car-AI-using-OpenCV-main/build/self_driving_car_pkg/build/lib/self_driving_car_pkg/config/__init__.py -> /home/suyog/ROS2-Self-Driving-Car-AI-using-OpenCV-main/install/self_driving_car_pkg/lib/python3.8/site-packages/self_driving_car_pkg/config
[0.799s] creating /home/suyog/ROS2-Self-Driving-Car-AI-using-OpenCV-main/install/self_driving_car_pkg/lib/python3.8/site-packages/self_driving_car_pkg/Detection
[0.799s] copying /home/suyog/ROS2-Self-Driving-Car-AI-using-OpenCV-main/build/self_driving_car_pkg/build/lib/self_driving_car_pkg/Detection/__init__.py -> /home/suyog/ROS2-Self-Driving-Car-AI-using-OpenCV-main/install/self_driving_car_pkg/lib/python3.8/site-packages/self_driving_car_pkg/Detection
[0.800s] creating /home/suyog/ROS2-Self-Driving-Car-AI-using-OpenCV-main/install/self_driving_car_pkg/lib/python3.8/site-packages/self_driving_car_pkg/Detection/Lanes
[0.800s] creating /home/suyog/ROS2-Self-Driving-Car-AI-using-OpenCV-main/install/self_driving_car_pkg/lib/python3.8/site-packages/self_driving_car_pkg/Detection/Lanes/a_Segmentation
[0.800s] copying /home/suyog/ROS2-Self-Driving-Car-AI-using-OpenCV-main/build/self_driving_car_pkg/build/lib/self_driving_car_pkg/Detection/Lanes/a_Segmentation/colour_segmentation_final.py -> /home/suyog/ROS2-Self-Driving-Car-AI-using-OpenCV-main/install/self_driving_car_pkg/lib/python3.8/site-packages/self_driving_car_pkg/Detection/Lanes/a_Segmentation
[0.800s] copying /home/suyog/ROS2-Self-Driving-Car-AI-using-OpenCV-main/build/self_driving_car_pkg/build/lib/self_driving_car_pkg/Detection/Lanes/a_Segmentation/__init__.py -> /home/suyog/ROS2-Self-Driving-Car-AI-using-OpenCV-main/install/self_driving_car_pkg/lib/python3.8/site-packages/self_driving_car_pkg/Detection/Lanes/a_Segmentation
[0.800s] copying /home/suyog/ROS2-Self-Driving-Car-AI-using-OpenCV-main/build/self_driving_car_pkg/build/lib/self_driving_car_pkg/Detection/Lanes/utilities.py -> /home/suyog/ROS2-Self-Driving-Car-AI-using-OpenCV-main/install/self_driving_car_pkg/lib/python3.8/site-packages/self_driving_car_pkg/Detection/Lanes
[0.800s] creating /home/suyog/ROS2-Self-Driving-Car-AI-using-OpenCV-main/install/self_driving_car_pkg/lib/python3.8/site-packages/self_driving_car_pkg/Detection/Lanes/b_Estimation
[0.800s] copying /home/suyog/ROS2-Self-Driving-Car-AI-using-OpenCV-main/build/self_driving_car_pkg/build/lib/self_driving_car_pkg/Detection/Lanes/b_Estimation/__init__.py -> /home/suyog/ROS2-Self-Driving-Car-AI-using-OpenCV-main/install/self_driving_car_pkg/lib/python3.8/site-packages/self_driving_car_pkg/Detection/Lanes/b_Estimation
[0.800s] copying /home/suyog/ROS2-Self-Driving-Car-AI-using-OpenCV-main/build/self_driving_car_pkg/build/lib/self_driving_car_pkg/Detection/Lanes/b_Estimation/Our_EstimationAlgo.py -> /home/suyog/ROS2-Self-Driving-Car-AI-using-OpenCV-main/install/self_driving_car_pkg/lib/python3.8/site-packages/self_driving_car_pkg/Detection/Lanes/b_Estimation
[0.800s] creating /home/suyog/ROS2-Self-Driving-Car-AI-using-OpenCV-main/install/self_driving_car_pkg/lib/python3.8/site-packages/self_driving_car_pkg/Detection/Lanes/d_LaneInfo_Extraction
[0.800s] copying /home/suyog/ROS2-Self-Driving-Car-AI-using-OpenCV-main/build/self_driving_car_pkg/build/lib/self_driving_car_pkg/Detection/Lanes/d_LaneInfo_Extraction/GetStateInfoandDisplayLane.py -> /home/suyog/ROS2-Self-Driving-Car-AI-using-OpenCV-main/install/self_driving_car_pkg/lib/python3.8/site-packages/self_driving_car_pkg/Detection/Lanes/d_LaneInfo_Extraction
[0.801s] copying /home/suyog/ROS2-Self-Driving-Car-AI-using-OpenCV-main/build/self_driving_car_pkg/build/lib/self_driving_car_pkg/Detection/Lanes/d_LaneInfo_Extraction/__init__.py -> /home/suyog/ROS2-Self-Driving-Car-AI-using-OpenCV-main/install/self_driving_car_pkg/lib/python3.8/site-packages/self_driving_car_pkg/Detection/Lanes/d_LaneInfo_Extraction
[0.801s] copying /home/suyog/ROS2-Self-Driving-Car-AI-using-OpenCV-main/build/self_driving_car_pkg/build/lib/self_driving_car_pkg/Detection/Lanes/__init__.py -> /home/suyog/ROS2-Self-Driving-Car-AI-using-OpenCV-main/install/self_driving_car_pkg/lib/python3.8/site-packages/self_driving_car_pkg/Detection/Lanes
[0.801s] copying /home/suyog/ROS2-Self-Driving-Car-AI-using-OpenCV-main/build/self_driving_car_pkg/build/lib/self_driving_car_pkg/Detection/Lanes/Morph_op.py -> /home/suyog/ROS2-Self-Driving-Car-AI-using-OpenCV-main/install/self_driving_car_pkg/lib/python3.8/site-packages/self_driving_car_pkg/Detection/Lanes
[0.801s] copying /home/suyog/ROS2-Self-Driving-Car-AI-using-OpenCV-main/build/self_driving_car_pkg/build/lib/self_driving_car_pkg/Detection/Lanes/Lane_Detection.py -> /home/suyog/ROS2-Self-Driving-Car-AI-using-OpenCV-main/install/self_driving_car_pkg/lib/python3.8/site-packages/self_driving_car_pkg/Detection/Lanes
[0.801s] creating /home/suyog/ROS2-Self-Driving-Car-AI-using-OpenCV-main/install/self_driving_car_pkg/lib/python3.8/site-packages/self_driving_car_pkg/Detection/Lanes/c_Cleaning
[0.801s] copying /home/suyog/ROS2-Self-Driving-Car-AI-using-OpenCV-main/build/self_driving_car_pkg/build/lib/self_driving_car_pkg/Detection/Lanes/c_Cleaning/ExtendLanesAndRefineMidLaneEdge.py -> /home/suyog/ROS2-Self-Driving-Car-AI-using-OpenCV-main/install/self_driving_car_pkg/lib/python3.8/site-packages/self_driving_car_pkg/Detection/Lanes/c_Cleaning
[0.801s] copying /home/suyog/ROS2-Self-Driving-Car-AI-using-OpenCV-main/build/self_driving_car_pkg/build/lib/self_driving_car_pkg/Detection/Lanes/c_Cleaning/__init__.py -> /home/suyog/ROS2-Self-Driving-Car-AI-using-OpenCV-main/install/self_driving_car_pkg/lib/python3.8/site-packages/self_driving_car_pkg/Detection/Lanes/c_Cleaning
[0.801s] copying /home/suyog/ROS2-Self-Driving-Car-AI-using-OpenCV-main/build/self_driving_car_pkg/build/lib/self_driving_car_pkg/Detection/Lanes/c_Cleaning/CheckifYellowLaneCorrect_RetInnerBoundary.py -> /home/suyog/ROS2-Self-Driving-Car-AI-using-OpenCV-main/install/self_driving_car_pkg/lib/python3.8/site-packages/self_driving_car_pkg/Detection/Lanes/c_Cleaning
[0.801s] creating /home/suyog/ROS2-Self-Driving-Car-AI-using-OpenCV-main/install/self_driving_car_pkg/lib/python3.8/site-packages/self_driving_car_pkg/Detection/TrafficLights
[0.801s] copying /home/suyog/ROS2-Self-Driving-Car-AI-using-OpenCV-main/build/self_driving_car_pkg/build/lib/self_driving_car_pkg/Detection/TrafficLights/TrafficLights_Detection.py -> /home/suyog/ROS2-Self-Driving-Car-AI-using-OpenCV-main/install/self_driving_car_pkg/lib/python3.8/site-packages/self_driving_car_pkg/Detection/TrafficLights
[0.801s] copying /home/suyog/ROS2-Self-Driving-Car-AI-using-OpenCV-main/build/self_driving_car_pkg/build/lib/self_driving_car_pkg/Detection/TrafficLights/__init__.py -> /home/suyog/ROS2-Self-Driving-Car-AI-using-OpenCV-main/install/self_driving_car_pkg/lib/python3.8/site-packages/self_driving_car_pkg/Detection/TrafficLights
[0.801s] creating /home/suyog/ROS2-Self-Driving-Car-AI-using-OpenCV-main/install/self_driving_car_pkg/lib/python3.8/site-packages/self_driving_car_pkg/Detection/Signs
[0.801s] copying /home/suyog/ROS2-Self-Driving-Car-AI-using-OpenCV-main/build/self_driving_car_pkg/build/lib/self_driving_car_pkg/Detection/Signs/SignDetectionApi.py -> /home/suyog/ROS2-Self-Driving-Car-AI-using-OpenCV-main/install/self_driving_car_pkg/lib/python3.8/site-packages/self_driving_car_pkg/Detection/Signs
[0.802s] copying /home/suyog/ROS2-Self-Driving-Car-AI-using-OpenCV-main/build/self_driving_car_pkg/build/lib/self_driving_car_pkg/Detection/Signs/__init__.py -> /home/suyog/ROS2-Self-Driving-Car-AI-using-OpenCV-main/install/self_driving_car_pkg/lib/python3.8/site-packages/self_driving_car_pkg/Detection/Signs
[0.802s] creating /home/suyog/ROS2-Self-Driving-Car-AI-using-OpenCV-main/install/self_driving_car_pkg/lib/python3.8/site-packages/self_driving_car_pkg/Detection/Signs/Classification
[0.802s] copying /home/suyog/ROS2-Self-Driving-Car-AI-using-OpenCV-main/build/self_driving_car_pkg/build/lib/self_driving_car_pkg/Detection/Signs/Classification/Classification_CNN.py -> /home/suyog/ROS2-Self-Driving-Car-AI-using-OpenCV-main/install/self_driving_car_pkg/lib/python3.8/site-packages/self_driving_car_pkg/Detection/Signs/Classification
[0.802s] copying /home/suyog/ROS2-Self-Driving-Car-AI-using-OpenCV-main/build/self_driving_car_pkg/build/lib/self_driving_car_pkg/Detection/Signs/Classification/Visualize_CNN.py -> /home/suyog/ROS2-Self-Driving-Car-AI-using-OpenCV-main/install/self_driving_car_pkg/lib/python3.8/site-packages/self_driving_car_pkg/Detection/Signs/Classification
[0.802s] copying /home/suyog/ROS2-Self-Driving-Car-AI-using-OpenCV-main/build/self_driving_car_pkg/build/lib/self_driving_car_pkg/Detection/Signs/Classification/__init__.py -> /home/suyog/ROS2-Self-Driving-Car-AI-using-OpenCV-main/install/self_driving_car_pkg/lib/python3.8/site-packages/self_driving_car_pkg/Detection/Signs/Classification
[0.802s] copying /home/suyog/ROS2-Self-Driving-Car-AI-using-OpenCV-main/build/self_driving_car_pkg/build/lib/self_driving_car_pkg/Detection/Signs/Classification/CNN.py -> /home/suyog/ROS2-Self-Driving-Car-AI-using-OpenCV-main/install/self_driving_car_pkg/lib/python3.8/site-packages/self_driving_car_pkg/Detection/Signs/Classification
[0.802s] copying /home/suyog/ROS2-Self-Driving-Car-AI-using-OpenCV-main/build/self_driving_car_pkg/build/lib/self_driving_car_pkg/sdc_V2.py -> /home/suyog/ROS2-Self-Driving-Car-AI-using-OpenCV-main/install/self_driving_car_pkg/lib/python3.8/site-packages/self_driving_car_pkg
[0.802s] copying /home/suyog/ROS2-Self-Driving-Car-AI-using-OpenCV-main/build/self_driving_car_pkg/build/lib/self_driving_car_pkg/sdf_spawner.py -> /home/suyog/ROS2-Self-Driving-Car-AI-using-OpenCV-main/install/self_driving_car_pkg/lib/python3.8/site-packages/self_driving_car_pkg
[0.802s] copying /home/suyog/ROS2-Self-Driving-Car-AI-using-OpenCV-main/build/self_driving_car_pkg/build/lib/self_driving_car_pkg/upper_camera_video.py -> /home/suyog/ROS2-Self-Driving-Car-AI-using-OpenCV-main/install/self_driving_car_pkg/lib/python3.8/site-packages/self_driving_car_pkg
[0.802s] copying /home/suyog/ROS2-Self-Driving-Car-AI-using-OpenCV-main/build/self_driving_car_pkg/build/lib/self_driving_car_pkg/video_save.py -> /home/suyog/ROS2-Self-Driving-Car-AI-using-OpenCV-main/install/self_driving_car_pkg/lib/python3.8/site-packages/self_driving_car_pkg
[0.803s] creating /home/suyog/ROS2-Self-Driving-Car-AI-using-OpenCV-main/install/self_driving_car_pkg/lib/python3.8/site-packages/self_driving_car_pkg/data
[0.803s] copying /home/suyog/ROS2-Self-Driving-Car-AI-using-OpenCV-main/build/self_driving_car_pkg/build/lib/self_driving_car_pkg/data/__init__.py -> /home/suyog/ROS2-Self-Driving-Car-AI-using-OpenCV-main/install/self_driving_car_pkg/lib/python3.8/site-packages/self_driving_car_pkg/data
[0.803s] creating /home/suyog/ROS2-Self-Driving-Car-AI-using-OpenCV-main/install/self_driving_car_pkg/lib/python3.8/site-packages/self_driving_car_pkg/GPS_Navigation
[0.803s] copying /home/suyog/ROS2-Self-Driving-Car-AI-using-OpenCV-main/build/self_driving_car_pkg/build/lib/self_driving_car_pkg/GPS_Navigation/config.py -> /home/suyog/ROS2-Self-Driving-Car-AI-using-OpenCV-main/install/self_driving_car_pkg/lib/python3.8/site-packages/self_driving_car_pkg/GPS_Navigation
[0.803s] copying /home/suyog/ROS2-Self-Driving-Car-AI-using-OpenCV-main/build/self_driving_car_pkg/build/lib/self_driving_car_pkg/GPS_Navigation/bot_motionplanning.py -> /home/suyog/ROS2-Self-Driving-Car-AI-using-OpenCV-main/install/self_driving_car_pkg/lib/python3.8/site-packages/self_driving_car_pkg/GPS_Navigation
[0.803s] copying /home/suyog/ROS2-Self-Driving-Car-AI-using-OpenCV-main/build/self_driving_car_pkg/build/lib/self_driving_car_pkg/GPS_Navigation/bot_mapping.py -> /home/suyog/ROS2-Self-Driving-Car-AI-using-OpenCV-main/install/self_driving_car_pkg/lib/python3.8/site-packages/self_driving_car_pkg/GPS_Navigation
[0.803s] copying /home/suyog/ROS2-Self-Driving-Car-AI-using-OpenCV-main/build/self_driving_car_pkg/build/lib/self_driving_car_pkg/GPS_Navigation/utilities.py -> /home/suyog/ROS2-Self-Driving-Car-AI-using-OpenCV-main/install/self_driving_car_pkg/lib/python3.8/site-packages/self_driving_car_pkg/GPS_Navigation
[0.803s] copying /home/suyog/ROS2-Self-Driving-Car-AI-using-OpenCV-main/build/self_driving_car_pkg/build/lib/self_driving_car_pkg/GPS_Navigation/bot_pathplanning.py -> /home/suyog/ROS2-Self-Driving-Car-AI-using-OpenCV-main/install/self_driving_car_pkg/lib/python3.8/site-packages/self_driving_car_pkg/GPS_Navigation
[0.803s] copying /home/suyog/ROS2-Self-Driving-Car-AI-using-OpenCV-main/build/self_driving_car_pkg/build/lib/self_driving_car_pkg/GPS_Navigation/bot_localization.py -> /home/suyog/ROS2-Self-Driving-Car-AI-using-OpenCV-main/install/self_driving_car_pkg/lib/python3.8/site-packages/self_driving_car_pkg/GPS_Navigation
[0.803s] copying /home/suyog/ROS2-Self-Driving-Car-AI-using-OpenCV-main/build/self_driving_car_pkg/build/lib/self_driving_car_pkg/GPS_Navigation/__init__.py -> /home/suyog/ROS2-Self-Driving-Car-AI-using-OpenCV-main/install/self_driving_car_pkg/lib/python3.8/site-packages/self_driving_car_pkg/GPS_Navigation
[0.803s] copying /home/suyog/ROS2-Self-Driving-Car-AI-using-OpenCV-main/build/self_driving_car_pkg/build/lib/self_driving_car_pkg/GPS_Navigation/Navigation.py -> /home/suyog/ROS2-Self-Driving-Car-AI-using-OpenCV-main/install/self_driving_car_pkg/lib/python3.8/site-packages/self_driving_car_pkg/GPS_Navigation
[0.803s] copying /home/suyog/ROS2-Self-Driving-Car-AI-using-OpenCV-main/build/self_driving_car_pkg/build/lib/self_driving_car_pkg/GPS_Navigation/utilities_disp.py -> /home/suyog/ROS2-Self-Driving-Car-AI-using-OpenCV-main/install/self_driving_car_pkg/lib/python3.8/site-packages/self_driving_car_pkg/GPS_Navigation
[0.803s] copying /home/suyog/ROS2-Self-Driving-Car-AI-using-OpenCV-main/build/self_driving_car_pkg/build/lib/self_driving_car_pkg/computer_vision_node.py -> /home/suyog/ROS2-Self-Driving-Car-AI-using-OpenCV-main/install/self_driving_car_pkg/lib/python3.8/site-packages/self_driving_car_pkg
[0.803s] copying /home/suyog/ROS2-Self-Driving-Car-AI-using-OpenCV-main/build/self_driving_car_pkg/build/lib/self_driving_car_pkg/__init__.py -> /home/suyog/ROS2-Self-Driving-Car-AI-using-OpenCV-main/install/self_driving_car_pkg/lib/python3.8/site-packages/self_driving_car_pkg
[0.803s] copying /home/suyog/ROS2-Self-Driving-Car-AI-using-OpenCV-main/build/self_driving_car_pkg/build/lib/self_driving_car_pkg/Drive_Bot.py -> /home/suyog/ROS2-Self-Driving-Car-AI-using-OpenCV-main/install/self_driving_car_pkg/lib/python3.8/site-packages/self_driving_car_pkg
[0.803s] byte-compiling /home/suyog/ROS2-Self-Driving-Car-AI-using-OpenCV-main/install/self_driving_car_pkg/lib/python3.8/site-packages/self_driving_car_pkg/config/config.py to config.cpython-38.pyc
[0.804s] byte-compiling /home/suyog/ROS2-Self-Driving-Car-AI-using-OpenCV-main/install/self_driving_car_pkg/lib/python3.8/site-packages/self_driving_car_pkg/config/__init__.py to __init__.cpython-38.pyc
[0.805s] byte-compiling /home/suyog/ROS2-Self-Driving-Car-AI-using-OpenCV-main/install/self_driving_car_pkg/lib/python3.8/site-packages/self_driving_car_pkg/Detection/__init__.py to __init__.cpython-38.pyc
[0.805s] byte-compiling /home/suyog/ROS2-Self-Driving-Car-AI-using-OpenCV-main/install/self_driving_car_pkg/lib/python3.8/site-packages/self_driving_car_pkg/Detection/Lanes/a_Segmentation/colour_segmentation_final.py to colour_segmentation_final.cpython-38.pyc
[0.806s] byte-compiling /home/suyog/ROS2-Self-Driving-Car-AI-using-OpenCV-main/install/self_driving_car_pkg/lib/python3.8/site-packages/self_driving_car_pkg/Detection/Lanes/a_Segmentation/__init__.py to __init__.cpython-38.pyc
[0.806s] byte-compiling /home/suyog/ROS2-Self-Driving-Car-AI-using-OpenCV-main/install/self_driving_car_pkg/lib/python3.8/site-packages/self_driving_car_pkg/Detection/Lanes/utilities.py to utilities.cpython-38.pyc
[0.806s] byte-compiling /home/suyog/ROS2-Self-Driving-Car-AI-using-OpenCV-main/install/self_driving_car_pkg/lib/python3.8/site-packages/self_driving_car_pkg/Detection/Lanes/b_Estimation/__init__.py to __init__.cpython-38.pyc
[0.807s] byte-compiling /home/suyog/ROS2-Self-Driving-Car-AI-using-OpenCV-main/install/self_driving_car_pkg/lib/python3.8/site-packages/self_driving_car_pkg/Detection/Lanes/b_Estimation/Our_EstimationAlgo.py to Our_EstimationAlgo.cpython-38.pyc
[0.807s] byte-compiling /home/suyog/ROS2-Self-Driving-Car-AI-using-OpenCV-main/install/self_driving_car_pkg/lib/python3.8/site-packages/self_driving_car_pkg/Detection/Lanes/d_LaneInfo_Extraction/GetStateInfoandDisplayLane.py to GetStateInfoandDisplayLane.cpython-38.pyc
[0.808s] byte-compiling /home/suyog/ROS2-Self-Driving-Car-AI-using-OpenCV-main/install/self_driving_car_pkg/lib/python3.8/site-packages/self_driving_car_pkg/Detection/Lanes/d_LaneInfo_Extraction/__init__.py to __init__.cpython-38.pyc
[0.808s] byte-compiling /home/suyog/ROS2-Self-Driving-Car-AI-using-OpenCV-main/install/self_driving_car_pkg/lib/python3.8/site-packages/self_driving_car_pkg/Detection/Lanes/__init__.py to __init__.cpython-38.pyc
[0.808s] byte-compiling /home/suyog/ROS2-Self-Driving-Car-AI-using-OpenCV-main/install/self_driving_car_pkg/lib/python3.8/site-packages/self_driving_car_pkg/Detection/Lanes/Morph_op.py to Morph_op.cpython-38.pyc
[0.810s] byte-compiling /home/suyog/ROS2-Self-Driving-Car-AI-using-OpenCV-main/install/self_driving_car_pkg/lib/python3.8/site-packages/self_driving_car_pkg/Detection/Lanes/Lane_Detection.py to Lane_Detection.cpython-38.pyc
[0.810s] byte-compiling /home/suyog/ROS2-Self-Driving-Car-AI-using-OpenCV-main/install/self_driving_car_pkg/lib/python3.8/site-packages/self_driving_car_pkg/Detection/Lanes/c_Cleaning/ExtendLanesAndRefineMidLaneEdge.py to ExtendLanesAndRefineMidLaneEdge.cpython-38.pyc
[0.810s] byte-compiling /home/suyog/ROS2-Self-Driving-Car-AI-using-OpenCV-main/install/self_driving_car_pkg/lib/python3.8/site-packages/self_driving_car_pkg/Detection/Lanes/c_Cleaning/__init__.py to __init__.cpython-38.pyc
[0.810s] byte-compiling /home/suyog/ROS2-Self-Driving-Car-AI-using-OpenCV-main/install/self_driving_car_pkg/lib/python3.8/site-packages/self_driving_car_pkg/Detection/Lanes/c_Cleaning/CheckifYellowLaneCorrect_RetInnerBoundary.py to CheckifYellowLaneCorrect_RetInnerBoundary.cpython-38.pyc
[0.811s] byte-compiling /home/suyog/ROS2-Self-Driving-Car-AI-using-OpenCV-main/install/self_driving_car_pkg/lib/python3.8/site-packages/self_driving_car_pkg/Detection/TrafficLights/TrafficLights_Detection.py to TrafficLights_Detection.cpython-38.pyc
[0.815s] byte-compiling /home/suyog/ROS2-Self-Driving-Car-AI-using-OpenCV-main/install/self_driving_car_pkg/lib/python3.8/site-packages/self_driving_car_pkg/Detection/TrafficLights/__init__.py to __init__.cpython-38.pyc
[0.815s] byte-compiling /home/suyog/ROS2-Self-Driving-Car-AI-using-OpenCV-main/install/self_driving_car_pkg/lib/python3.8/site-packages/self_driving_car_pkg/Detection/Signs/SignDetectionApi.py to SignDetectionApi.cpython-38.pyc
[0.816s] byte-compiling /home/suyog/ROS2-Self-Driving-Car-AI-using-OpenCV-main/install/self_driving_car_pkg/lib/python3.8/site-packages/self_driving_car_pkg/Detection/Signs/__init__.py to __init__.cpython-38.pyc
[0.817s] byte-compiling /home/suyog/ROS2-Self-Driving-Car-AI-using-OpenCV-main/install/self_driving_car_pkg/lib/python3.8/site-packages/self_driving_car_pkg/Detection/Signs/Classification/Classification_CNN.py to Classification_CNN.cpython-38.pyc
[0.817s] byte-compiling /home/suyog/ROS2-Self-Driving-Car-AI-using-OpenCV-main/install/self_driving_car_pkg/lib/python3.8/site-packages/self_driving_car_pkg/Detection/Signs/Classification/Visualize_CNN.py to Visualize_CNN.cpython-38.pyc
[0.818s] byte-compiling /home/suyog/ROS2-Self-Driving-Car-AI-using-OpenCV-main/install/self_driving_car_pkg/lib/python3.8/site-packages/self_driving_car_pkg/Detection/Signs/Classification/__init__.py to __init__.cpython-38.pyc
[0.818s] byte-compiling /home/suyog/ROS2-Self-Driving-Car-AI-using-OpenCV-main/install/self_driving_car_pkg/lib/python3.8/site-packages/self_driving_car_pkg/Detection/Signs/Classification/CNN.py to CNN.cpython-38.pyc
[0.819s] byte-compiling /home/suyog/ROS2-Self-Driving-Car-AI-using-OpenCV-main/install/self_driving_car_pkg/lib/python3.8/site-packages/self_driving_car_pkg/sdc_V2.py to sdc_V2.cpython-38.pyc
[0.819s] byte-compiling /home/suyog/ROS2-Self-Driving-Car-AI-using-OpenCV-main/install/self_driving_car_pkg/lib/python3.8/site-packages/self_driving_car_pkg/sdf_spawner.py to sdf_spawner.cpython-38.pyc
[0.820s] byte-compiling /home/suyog/ROS2-Self-Driving-Car-AI-using-OpenCV-main/install/self_driving_car_pkg/lib/python3.8/site-packages/self_driving_car_pkg/upper_camera_video.py to upper_camera_video.cpython-38.pyc
[0.820s] byte-compiling /home/suyog/ROS2-Self-Driving-Car-AI-using-OpenCV-main/install/self_driving_car_pkg/lib/python3.8/site-packages/self_driving_car_pkg/video_save.py to video_save.cpython-38.pyc
[0.821s] byte-compiling /home/suyog/ROS2-Self-Driving-Car-AI-using-OpenCV-main/install/self_driving_car_pkg/lib/python3.8/site-packages/self_driving_car_pkg/data/__init__.py to __init__.cpython-38.pyc
[0.821s] byte-compiling /home/suyog/ROS2-Self-Driving-Car-AI-using-OpenCV-main/install/self_driving_car_pkg/lib/python3.8/site-packages/self_driving_car_pkg/GPS_Navigation/config.py to config.cpython-38.pyc
[0.821s] byte-compiling /home/suyog/ROS2-Self-Driving-Car-AI-using-OpenCV-main/install/self_driving_car_pkg/lib/python3.8/site-packages/self_driving_car_pkg/GPS_Navigation/bot_motionplanning.py to bot_motionplanning.cpython-38.pyc
[0.822s] byte-compiling /home/suyog/ROS2-Self-Driving-Car-AI-using-OpenCV-main/install/self_driving_car_pkg/lib/python3.8/site-packages/self_driving_car_pkg/GPS_Navigation/bot_mapping.py to bot_mapping.cpython-38.pyc
[0.825s] byte-compiling /home/suyog/ROS2-Self-Driving-Car-AI-using-OpenCV-main/install/self_driving_car_pkg/lib/python3.8/site-packages/self_driving_car_pkg/GPS_Navigation/utilities.py to utilities.cpython-38.pyc
[0.826s] byte-compiling /home/suyog/ROS2-Self-Driving-Car-AI-using-OpenCV-main/install/self_driving_car_pkg/lib/python3.8/site-packages/self_driving_car_pkg/GPS_Navigation/bot_pathplanning.py to bot_pathplanning.cpython-38.pyc
[0.827s] byte-compiling /home/suyog/ROS2-Self-Driving-Car-AI-using-OpenCV-main/install/self_driving_car_pkg/lib/python3.8/site-packages/self_driving_car_pkg/GPS_Navigation/bot_localization.py to bot_localization.cpython-38.pyc
[0.829s] byte-compiling /home/suyog/ROS2-Self-Driving-Car-AI-using-OpenCV-main/install/self_driving_car_pkg/lib/python3.8/site-packages/self_driving_car_pkg/GPS_Navigation/__init__.py to __init__.cpython-38.pyc
[0.829s] byte-compiling /home/suyog/ROS2-Self-Driving-Car-AI-using-OpenCV-main/install/self_driving_car_pkg/lib/python3.8/site-packages/self_driving_car_pkg/GPS_Navigation/Navigation.py to Navigation.cpython-38.pyc
[0.830s] byte-compiling /home/suyog/ROS2-Self-Driving-Car-AI-using-OpenCV-main/install/self_driving_car_pkg/lib/python3.8/site-packages/self_driving_car_pkg/GPS_Navigation/utilities_disp.py to utilities_disp.cpython-38.pyc
[0.831s] byte-compiling /home/suyog/ROS2-Self-Driving-Car-AI-using-OpenCV-main/install/self_driving_car_pkg/lib/python3.8/site-packages/self_driving_car_pkg/computer_vision_node.py to computer_vision_node.cpython-38.pyc
[0.831s] byte-compiling /home/suyog/ROS2-Self-Driving-Car-AI-using-OpenCV-main/install/self_driving_car_pkg/lib/python3.8/site-packages/self_driving_car_pkg/__init__.py to __init__.cpython-38.pyc
[0.831s] byte-compiling /home/suyog/ROS2-Self-Driving-Car-AI-using-OpenCV-main/install/self_driving_car_pkg/lib/python3.8/site-packages/self_driving_car_pkg/Drive_Bot.py to Drive_Bot.cpython-38.pyc
[0.833s] running install_data
[0.833s] creating /home/suyog/ROS2-Self-Driving-Car-AI-using-OpenCV-main/install/self_driving_car_pkg/share/ament_index
[0.833s] creating /home/suyog/ROS2-Self-Driving-Car-AI-using-OpenCV-main/install/self_driving_car_pkg/share/ament_index/resource_index
[0.834s] creating /home/suyog/ROS2-Self-Driving-Car-AI-using-OpenCV-main/install/self_driving_car_pkg/share/ament_index/resource_index/packages
[0.834s] copying resource/self_driving_car_pkg -> /home/suyog/ROS2-Self-Driving-Car-AI-using-OpenCV-main/install/self_driving_car_pkg/share/ament_index/resource_index/packages
[0.834s] copying package.xml -> /home/suyog/ROS2-Self-Driving-Car-AI-using-OpenCV-main/install/self_driving_car_pkg/share/self_driving_car_pkg
[0.834s] creating /home/suyog/ROS2-Self-Driving-Car-AI-using-OpenCV-main/install/self_driving_car_pkg/share/self_driving_car_pkg/launch
[0.834s] copying launch/world_gazebo.launch.py -> /home/suyog/ROS2-Self-Driving-Car-AI-using-OpenCV-main/install/self_driving_car_pkg/share/self_driving_car_pkg/launch
[0.834s] copying launch/record_and_drive.launch.py -> /home/suyog/ROS2-Self-Driving-Car-AI-using-OpenCV-main/install/self_driving_car_pkg/share/self_driving_car_pkg/launch
[0.834s] copying launch/maze_solving_world.launch.py -> /home/suyog/ROS2-Self-Driving-Car-AI-using-OpenCV-main/install/self_driving_car_pkg/share/self_driving_car_pkg/launch
[0.834s] copying launch/test_laneFollow.launch.py -> /home/suyog/ROS2-Self-Driving-Car-AI-using-OpenCV-main/install/self_driving_car_pkg/share/self_driving_car_pkg/launch
[0.835s] creating /home/suyog/ROS2-Self-Driving-Car-AI-using-OpenCV-main/install/self_driving_car_pkg/lib/self_driving_car_pkg
[0.835s] copying scripts/lights_spawner_maze.bash -> /home/suyog/ROS2-Self-Driving-Car-AI-using-OpenCV-main/install/self_driving_car_pkg/lib/self_driving_car_pkg
[0.835s] copying scripts/lights_spawner.bash -> /home/suyog/ROS2-Self-Driving-Car-AI-using-OpenCV-main/install/self_driving_car_pkg/lib/self_driving_car_pkg
[0.835s] creating /home/suyog/ROS2-Self-Driving-Car-AI-using-OpenCV-main/install/self_driving_car_pkg/share/self_driving_car_pkg/worlds
[0.835s] copying worlds/self_driving_car.world -> /home/suyog/ROS2-Self-Driving-Car-AI-using-OpenCV-main/install/self_driving_car_pkg/share/self_driving_car_pkg/worlds
[0.835s] copying worlds/maze_solving.world -> /home/suyog/ROS2-Self-Driving-Car-AI-using-OpenCV-main/install/self_driving_car_pkg/share/self_driving_car_pkg/worlds
[0.835s] copying worlds/Lane_follow_test.world -> /home/suyog/ROS2-Self-Driving-Car-AI-using-OpenCV-main/install/self_driving_car_pkg/share/self_driving_car_pkg/worlds
[0.835s] running install_egg_info
[0.836s] Copying ../build/self_driving_car_pkg/self_driving_car_pkg.egg-info to /home/suyog/ROS2-Self-Driving-Car-AI-using-OpenCV-main/install/self_driving_car_pkg/lib/python3.8/site-packages/self_driving_car_pkg-0.0.0-py3.8.egg-info
[0.837s] running install_scripts
[0.861s] Installing computer_vision_node script to /home/suyog/ROS2-Self-Driving-Car-AI-using-OpenCV-main/install/self_driving_car_pkg/lib/self_driving_car_pkg
[0.861s] Installing sdc_V2 script to /home/suyog/ROS2-Self-Driving-Car-AI-using-OpenCV-main/install/self_driving_car_pkg/lib/self_driving_car_pkg
[0.862s] Installing spawner_node script to /home/suyog/ROS2-Self-Driving-Car-AI-using-OpenCV-main/install/self_driving_car_pkg/lib/self_driving_car_pkg
[0.862s] Installing upper_camera_recording script to /home/suyog/ROS2-Self-Driving-Car-AI-using-OpenCV-main/install/self_driving_car_pkg/lib/self_driving_car_pkg
[0.862s] Installing video_recording_node script to /home/suyog/ROS2-Self-Driving-Car-AI-using-OpenCV-main/install/self_driving_car_pkg/lib/self_driving_car_pkg
[0.862s] writing list of installed files to '/home/suyog/ROS2-Self-Driving-Car-AI-using-OpenCV-main/build/self_driving_car_pkg/install.log'
[0.890s] Invoked command in '/home/suyog/ROS2-Self-Driving-Car-AI-using-OpenCV-main/self_driving_car_pkg' returned '0': PS1=(ROS2SDC_VENV) \[\e]0;\u@\h: \w\a\]${debian_chroot:+($debian_chroot)}\[\033[01;32m\]\u@\h\[\033[00m\]:\[\033[01;34m\]\w\[\033[00m\]\$ PYTHONPATH=/home/suyog/ROS2-Self-Driving-Car-AI-using-OpenCV-main/install/self_driving_car_pkg/lib/python3.8/site-packages:${PYTHONPATH} /usr/bin/python3 setup.py egg_info --egg-base ../build/self_driving_car_pkg build --build-base /home/suyog/ROS2-Self-Driving-Car-AI-using-OpenCV-main/build/self_driving_car_pkg/build install --prefix /home/suyog/ROS2-Self-Driving-Car-AI-using-OpenCV-main/install/self_driving_car_pkg --record /home/suyog/ROS2-Self-Driving-Car-AI-using-OpenCV-main/build/self_driving_car_pkg/install.log --single-version-externally-managed
