[0.588s] Invoking command in '/home/suyog/Robo_lab_proj/self_driving_car_pkg': PYTHONPATH=/home/suyog/Robo_lab_proj/install/self_driving_car_pkg/lib/python3.8/site-packages:${PYTHONPATH} /usr/bin/python3 setup.py egg_info --egg-base ../build/self_driving_car_pkg build --build-base /home/suyog/Robo_lab_proj/build/self_driving_car_pkg/build install --prefix /home/suyog/Robo_lab_proj/install/self_driving_car_pkg --record /home/suyog/Robo_lab_proj/build/self_driving_car_pkg/install.log --single-version-externally-managed
[0.765s] running egg_info
[0.766s] writing ../build/self_driving_car_pkg/self_driving_car_pkg.egg-info/PKG-INFO
[0.766s] writing dependency_links to ../build/self_driving_car_pkg/self_driving_car_pkg.egg-info/dependency_links.txt
[0.766s] writing entry points to ../build/self_driving_car_pkg/self_driving_car_pkg.egg-info/entry_points.txt
[0.767s] writing requirements to ../build/self_driving_car_pkg/self_driving_car_pkg.egg-info/requires.txt
[0.767s] writing top-level names to ../build/self_driving_car_pkg/self_driving_car_pkg.egg-info/top_level.txt
[0.797s] reading manifest file '../build/self_driving_car_pkg/self_driving_car_pkg.egg-info/SOURCES.txt'
[0.799s] writing manifest file '../build/self_driving_car_pkg/self_driving_car_pkg.egg-info/SOURCES.txt'
[0.799s] running build
[0.799s] running build_py
[0.802s] running install
[0.803s] running install_lib
[0.805s] running install_data
[0.806s] running install_egg_info
[0.807s] removing '/home/suyog/Robo_lab_proj/install/self_driving_car_pkg/lib/python3.8/site-packages/self_driving_car_pkg-0.0.0-py3.8.egg-info' (and everything under it)
[0.807s] Copying ../build/self_driving_car_pkg/self_driving_car_pkg.egg-info to /home/suyog/Robo_lab_proj/install/self_driving_car_pkg/lib/python3.8/site-packages/self_driving_car_pkg-0.0.0-py3.8.egg-info
[0.807s] running install_scripts
[0.822s] Installing computer_vision_node script to /home/suyog/Robo_lab_proj/install/self_driving_car_pkg/lib/self_driving_car_pkg
[0.822s] Installing sdc_V2 script to /home/suyog/Robo_lab_proj/install/self_driving_car_pkg/lib/self_driving_car_pkg
[0.822s] Installing spawner_node script to /home/suyog/Robo_lab_proj/install/self_driving_car_pkg/lib/self_driving_car_pkg
[0.822s] Installing upper_camera_recording script to /home/suyog/Robo_lab_proj/install/self_driving_car_pkg/lib/self_driving_car_pkg
[0.822s] Installing video_recording_node script to /home/suyog/Robo_lab_proj/install/self_driving_car_pkg/lib/self_driving_car_pkg
[0.823s] writing list of installed files to '/home/suyog/Robo_lab_proj/build/self_driving_car_pkg/install.log'
[0.848s] Invoked command in '/home/suyog/Robo_lab_proj/self_driving_car_pkg' returned '0': PYTHONPATH=/home/suyog/Robo_lab_proj/install/self_driving_car_pkg/lib/python3.8/site-packages:${PYTHONPATH} /usr/bin/python3 setup.py egg_info --egg-base ../build/self_driving_car_pkg build --build-base /home/suyog/Robo_lab_proj/build/self_driving_car_pkg/build install --prefix /home/suyog/Robo_lab_proj/install/self_driving_car_pkg --record /home/suyog/Robo_lab_proj/build/self_driving_car_pkg/install.log --single-version-externally-managed
