[0.570s] Invoking command in '/home/suyog/Robo_lab_proj/self_driving_car_pkg': PYTHONPATH=/home/suyog/Robo_lab_proj/install/self_driving_car_pkg/lib/python3.8/site-packages:${PYTHONPATH} /usr/bin/python3 setup.py egg_info --egg-base ../build/self_driving_car_pkg build --build-base /home/suyog/Robo_lab_proj/build/self_driving_car_pkg/build install --prefix /home/suyog/Robo_lab_proj/install/self_driving_car_pkg --record /home/suyog/Robo_lab_proj/build/self_driving_car_pkg/install.log --single-version-externally-managed
[0.744s] running egg_info
[0.744s] writing ../build/self_driving_car_pkg/self_driving_car_pkg.egg-info/PKG-INFO
[0.745s] writing dependency_links to ../build/self_driving_car_pkg/self_driving_car_pkg.egg-info/dependency_links.txt
[0.745s] writing entry points to ../build/self_driving_car_pkg/self_driving_car_pkg.egg-info/entry_points.txt
[0.745s] writing requirements to ../build/self_driving_car_pkg/self_driving_car_pkg.egg-info/requires.txt
[0.745s] writing top-level names to ../build/self_driving_car_pkg/self_driving_car_pkg.egg-info/top_level.txt
[0.774s] reading manifest file '../build/self_driving_car_pkg/self_driving_car_pkg.egg-info/SOURCES.txt'
[0.775s] writing manifest file '../build/self_driving_car_pkg/self_driving_car_pkg.egg-info/SOURCES.txt'
[0.775s] running build
[0.775s] running build_py
[0.777s] running install
[0.777s] running install_lib
[0.780s] running install_data
[0.781s] running install_egg_info
[0.782s] removing '/home/suyog/Robo_lab_proj/install/self_driving_car_pkg/lib/python3.8/site-packages/self_driving_car_pkg-0.0.0-py3.8.egg-info' (and everything under it)
[0.782s] Copying ../build/self_driving_car_pkg/self_driving_car_pkg.egg-info to /home/suyog/Robo_lab_proj/install/self_driving_car_pkg/lib/python3.8/site-packages/self_driving_car_pkg-0.0.0-py3.8.egg-info
[0.783s] running install_scripts
[0.798s] Installing computer_vision_node script to /home/suyog/Robo_lab_proj/install/self_driving_car_pkg/lib/self_driving_car_pkg
[0.798s] Installing sdc_V2 script to /home/suyog/Robo_lab_proj/install/self_driving_car_pkg/lib/self_driving_car_pkg
[0.798s] Installing spawner_node script to /home/suyog/Robo_lab_proj/install/self_driving_car_pkg/lib/self_driving_car_pkg
[0.798s] Installing upper_camera_recording script to /home/suyog/Robo_lab_proj/install/self_driving_car_pkg/lib/self_driving_car_pkg
[0.798s] Installing video_recording_node script to /home/suyog/Robo_lab_proj/install/self_driving_car_pkg/lib/self_driving_car_pkg
[0.798s] writing list of installed files to '/home/suyog/Robo_lab_proj/build/self_driving_car_pkg/install.log'
[0.827s] Invoked command in '/home/suyog/Robo_lab_proj/self_driving_car_pkg' returned '0': PYTHONPATH=/home/suyog/Robo_lab_proj/install/self_driving_car_pkg/lib/python3.8/site-packages:${PYTHONPATH} /usr/bin/python3 setup.py egg_info --egg-base ../build/self_driving_car_pkg build --build-base /home/suyog/Robo_lab_proj/build/self_driving_car_pkg/build install --prefix /home/suyog/Robo_lab_proj/install/self_driving_car_pkg --record /home/suyog/Robo_lab_proj/build/self_driving_car_pkg/install.log --single-version-externally-managed
